[ 2017-05-03T09:16:27+08:00 ] 127.0.0.1 /admin.php?c=content
INFO: [ app_init ] --START--
INFO: Run Behavior\BuildLiteBehavior [ RunTime:0.000453s ]
INFO: [ app_init ] --END-- [ RunTime:0.032421s ]
INFO: [ app_begin ] --START--
INFO: Run Behavior\ReadHtmlCacheBehavior [ RunTime:0.008786s ]
INFO: [ app_begin ] --END-- [ RunTime:0.008865s ]
NOTIC: [2048] Declaration of Admin\Controller\ContentController::setStatus() should be compatible with Admin\Controller\CommonController::setStatus($data, $models) G:\webpage\shooping\Application\Admin\Controller\ContentController.class.php 第 6 行.
NOTIC: [2048] Declaration of Admin\Controller\ContentController::listorder() should be compatible with Admin\Controller\CommonController::listorder($model = '') G:\webpage\shooping\Application\Admin\Controller\ContentController.class.php 第 6 行.
NOTIC: [8] Undefined variable: sing_path G:\webpage\shooping\ThinkPHP\Common\functions.php 第 991 行.
NOTIC: [8] Undefined variable: module G:\webpage\shooping\ThinkPHP\Common\functions.php 第 994 行.
NOTIC: [8] Undefined variable: var G:\webpage\shooping\ThinkPHP\Common\functions.php 第 997 行.
NOTIC: [2] array_reverse() expects parameter 1 to be array, null given G:\webpage\shooping\ThinkPHP\Common\functions.php 第 997 行.
NOTIC: [2] http_build_query(): Parameter 1 expected to be Array or Object.  Incorrect value given G:\webpage\shooping\ThinkPHP\Common\functions.php 第 997 行.

[ 2017-05-03T09:16:27+08:00 ] 127.0.0.1 /admin.php?&c=login
INFO: [ app_init ] --START--
INFO: Run Behavior\BuildLiteBehavior [ RunTime:0.000016s ]
INFO: [ app_init ] --END-- [ RunTime:0.000545s ]
INFO: [ app_begin ] --START--
INFO: Run Behavior\ReadHtmlCacheBehavior [ RunTime:0.000777s ]
INFO: [ app_begin ] --END-- [ RunTime:0.000840s ]
INFO: [ view_parse ] --START--
INFO: [ template_filter ] --START--
INFO: Run Behavior\ContentReplaceBehavior [ RunTime:0.033095s ]
INFO: [ template_filter ] --END-- [ RunTime:0.033278s ]
INFO: Run Behavior\ParseTemplateBehavior [ RunTime:0.158334s ]
INFO: [ view_parse ] --END-- [ RunTime:0.158493s ]
INFO: [ view_filter ] --START--
INFO: Run Behavior\WriteHtmlCacheBehavior [ RunTime:0.001618s ]
INFO: [ view_filter ] --END-- [ RunTime:0.001727s ]
INFO: [ app_end ] --START--
INFO: Run Behavior\ShowPageTraceBehavior [ RunTime:0.034677s ]
INFO: [ app_end ] --END-- [ RunTime:0.034810s ]

