[ 2017-06-06T10:37:21+08:00 ] 127.0.0.1 /admin
INFO: [ app_init ] --START--
INFO: Run Behavior\BuildLiteBehavior [ RunTime:0.000020s ]
INFO: [ app_init ] --END-- [ RunTime:0.000855s ]
INFO: [ app_begin ] --START--
INFO: Run Behavior\ReadHtmlCacheBehavior [ RunTime:0.001129s ]
INFO: [ app_begin ] --END-- [ RunTime:0.001201s ]
NOTIC: [8] Undefined variable: sing_path G:\webpage\shooping\ThinkPHP\Common\functions.php 第 991 行.
NOTIC: [8] Undefined variable: module G:\webpage\shooping\ThinkPHP\Common\functions.php 第 994 行.
NOTIC: [8] Undefined variable: var G:\webpage\shooping\ThinkPHP\Common\functions.php 第 997 行.
NOTIC: [2] array_reverse() expects parameter 1 to be array, null given G:\webpage\shooping\ThinkPHP\Common\functions.php 第 997 行.
NOTIC: [2] http_build_query(): Parameter 1 expected to be Array or Object.  Incorrect value given G:\webpage\shooping\ThinkPHP\Common\functions.php 第 997 行.

[ 2017-06-06T10:37:31+08:00 ] 127.0.0.1 /admin.php
INFO: [ app_init ] --START--
INFO: Run Behavior\BuildLiteBehavior [ RunTime:0.000018s ]
INFO: [ app_init ] --END-- [ RunTime:0.000729s ]
INFO: [ app_begin ] --START--
INFO: Run Behavior\ReadHtmlCacheBehavior [ RunTime:0.000871s ]
INFO: [ app_begin ] --END-- [ RunTime:0.000938s ]
NOTIC: [8] Undefined variable: sing_path G:\webpage\shooping\ThinkPHP\Common\functions.php 第 991 行.
NOTIC: [8] Undefined variable: module G:\webpage\shooping\ThinkPHP\Common\functions.php 第 994 行.
NOTIC: [8] Undefined variable: var G:\webpage\shooping\ThinkPHP\Common\functions.php 第 997 行.
NOTIC: [2] array_reverse() expects parameter 1 to be array, null given G:\webpage\shooping\ThinkPHP\Common\functions.php 第 997 行.
NOTIC: [2] http_build_query(): Parameter 1 expected to be Array or Object.  Incorrect value given G:\webpage\shooping\ThinkPHP\Common\functions.php 第 997 行.

[ 2017-06-06T10:37:31+08:00 ] 127.0.0.1 /admin.php?&c=login
INFO: [ app_init ] --START--
INFO: Run Behavior\BuildLiteBehavior [ RunTime:0.000020s ]
INFO: [ app_init ] --END-- [ RunTime:0.000674s ]
INFO: [ app_begin ] --START--
INFO: Run Behavior\ReadHtmlCacheBehavior [ RunTime:0.000885s ]
INFO: [ app_begin ] --END-- [ RunTime:0.000951s ]
INFO: [ view_parse ] --START--
INFO: [ template_filter ] --START--
INFO: Run Behavior\ContentReplaceBehavior [ RunTime:0.000075s ]
INFO: [ template_filter ] --END-- [ RunTime:0.000176s ]
INFO: Run Behavior\ParseTemplateBehavior [ RunTime:0.020409s ]
INFO: [ view_parse ] --END-- [ RunTime:0.020493s ]
INFO: [ view_filter ] --START--
INFO: Run Behavior\WriteHtmlCacheBehavior [ RunTime:0.000689s ]
INFO: [ view_filter ] --END-- [ RunTime:0.000744s ]
INFO: [ app_end ] --START--
INFO: Run Behavior\ShowPageTraceBehavior [ RunTime:0.001139s ]
INFO: [ app_end ] --END-- [ RunTime:0.001196s ]

[ 2017-06-06T10:38:03+08:00 ] 127.0.0.1 /admin.php?c=login&a=check
INFO: [ app_init ] --START--
INFO: Run Behavior\BuildLiteBehavior [ RunTime:0.000095s ]
INFO: [ app_init ] --END-- [ RunTime:0.000830s ]
INFO: [ app_begin ] --START--
INFO: Run Behavior\ReadHtmlCacheBehavior [ RunTime:0.001091s ]
INFO: [ app_begin ] --END-- [ RunTime:0.001157s ]
SQL: SHOW COLUMNS FROM `cms_admin` [ RunTime:0.0756s ]
SQL: SELECT * FROM `cms_admin` WHERE ( username="admin" ) LIMIT 1   [ RunTime:0.0010s ]

[ 2017-06-06T10:38:04+08:00 ] 127.0.0.1 /admin.php?c=index
INFO: [ app_init ] --START--
INFO: Run Behavior\BuildLiteBehavior [ RunTime:0.000019s ]
INFO: [ app_init ] --END-- [ RunTime:0.000613s ]
INFO: [ app_begin ] --START--
INFO: Run Behavior\ReadHtmlCacheBehavior [ RunTime:0.001037s ]
INFO: [ app_begin ] --END-- [ RunTime:0.001101s ]
INFO: [ view_parse ] --START--
INFO: [ template_filter ] --START--
INFO: Run Behavior\ContentReplaceBehavior [ RunTime:0.000146s ]
INFO: [ template_filter ] --END-- [ RunTime:0.000263s ]
NOTIC: [2048] Declaration of Common\Model\MenuModel::find() should be compatible with Think\Model::find($options = Array) G:\webpage\shooping\Application\Common\Model\MenuModel.class.php 第 4 行.
SQL: SHOW COLUMNS FROM `cms_menu` [ RunTime:0.0063s ]
SQL: SELECT * FROM `cms_menu` WHERE `status` <> -1 AND `type` = 1 ORDER BY listorder desc,menu_id desc  [ RunTime:0.0394s ]
NOTIC: [8] Undefined index: a G:\webpage\shooping\Application\Common\Common\function.php 第 31 行.
NOTIC: [8] Undefined index: a G:\webpage\shooping\Application\Common\Common\function.php 第 31 行.
NOTIC: [8] Undefined index: a G:\webpage\shooping\Application\Common\Common\function.php 第 31 行.
NOTIC: [8] Undefined index: a G:\webpage\shooping\Application\Common\Common\function.php 第 31 行.
NOTIC: [8] Undefined index: a G:\webpage\shooping\Application\Common\Common\function.php 第 31 行.
NOTIC: [8] Undefined variable: admincount G:\webpage\shooping\Application\Runtime\Cache\Admin\b595b808c2ebeeeb0478ffc30bb4e87a.php 第 117 行.
NOTIC: [8] Undefined variable: newscount G:\webpage\shooping\Application\Runtime\Cache\Admin\b595b808c2ebeeeb0478ffc30bb4e87a.php 第 139 行.
NOTIC: [8] Undefined variable: news G:\webpage\shooping\Application\Runtime\Cache\Admin\b595b808c2ebeeeb0478ffc30bb4e87a.php 第 161 行.
NOTIC: [8] Undefined variable: news G:\webpage\shooping\Application\Runtime\Cache\Admin\b595b808c2ebeeeb0478ffc30bb4e87a.php 第 166 行.
NOTIC: [8] Undefined variable: news G:\webpage\shooping\Application\Runtime\Cache\Admin\b595b808c2ebeeeb0478ffc30bb4e87a.php 第 170 行.
NOTIC: [8] Undefined variable: positioncount G:\webpage\shooping\Application\Runtime\Cache\Admin\b595b808c2ebeeeb0478ffc30bb4e87a.php 第 183 行.
INFO: Run Behavior\ParseTemplateBehavior [ RunTime:0.151267s ]
INFO: [ view_parse ] --END-- [ RunTime:0.151405s ]
INFO: [ view_filter ] --START--
INFO: Run Behavior\WriteHtmlCacheBehavior [ RunTime:0.000777s ]
INFO: [ view_filter ] --END-- [ RunTime:0.000828s ]
INFO: [ app_end ] --START--
INFO: Run Behavior\ShowPageTraceBehavior [ RunTime:0.001563s ]
INFO: [ app_end ] --END-- [ RunTime:0.001638s ]

[ 2017-06-06T10:38:06+08:00 ] 127.0.0.1 /admin.php?c=menu
INFO: [ app_init ] --START--
INFO: Run Behavior\BuildLiteBehavior [ RunTime:0.000019s ]
INFO: [ app_init ] --END-- [ RunTime:0.000573s ]
INFO: [ app_begin ] --START--
INFO: Run Behavior\ReadHtmlCacheBehavior [ RunTime:0.000793s ]
INFO: [ app_begin ] --END-- [ RunTime:0.000877s ]
NOTIC: [2048] Declaration of Admin\Controller\MenuController::setStatus() should be compatible with Admin\Controller\CommonController::setStatus($data, $models) G:\webpage\shooping\Application\Admin\Controller\MenuController.class.php 第 6 行.
NOTIC: [2048] Declaration of Admin\Controller\MenuController::listorder() should be compatible with Admin\Controller\CommonController::listorder($model = '') G:\webpage\shooping\Application\Admin\Controller\MenuController.class.php 第 6 行.
NOTIC: [8] Undefined index: p G:\webpage\shooping\Application\Admin\Controller\MenuController.class.php 第 17 行.
NOTIC: [8] Undefined index: pageSize G:\webpage\shooping\Application\Admin\Controller\MenuController.class.php 第 18 行.
NOTIC: [2048] Declaration of Common\Model\MenuModel::find() should be compatible with Think\Model::find($options = Array) G:\webpage\shooping\Application\Common\Model\MenuModel.class.php 第 4 行.
SQL: SHOW COLUMNS FROM `cms_menu` [ RunTime:0.0067s ]
SQL: SELECT * FROM `cms_menu` WHERE `status` <> -1 ORDER BY listorder desc,menu_id desc LIMIT 0,5   [ RunTime:0.0005s ]
SQL: SELECT COUNT(*) AS tp_count FROM `cms_menu` WHERE `status` <> -1 LIMIT 1   [ RunTime:0.0559s ]
NOTIC: [8] Undefined variable: sing_path G:\webpage\shooping\ThinkPHP\Common\functions.php 第 991 行.
INFO: [ view_parse ] --START--
INFO: [ template_filter ] --START--
INFO: Run Behavior\ContentReplaceBehavior [ RunTime:0.000154s ]
INFO: [ template_filter ] --END-- [ RunTime:0.000272s ]
SQL: SELECT * FROM `cms_menu` WHERE `status` <> -1 AND `type` = 1 ORDER BY listorder desc,menu_id desc  [ RunTime:0.0012s ]
NOTIC: [8] Undefined index: a G:\webpage\shooping\Application\Common\Common\function.php 第 31 行.
NOTIC: [8] Undefined index: a G:\webpage\shooping\Application\Common\Common\function.php 第 31 行.
NOTIC: [8] Undefined index: a G:\webpage\shooping\Application\Common\Common\function.php 第 31 行.
NOTIC: [8] Undefined index: a G:\webpage\shooping\Application\Common\Common\function.php 第 31 行.
NOTIC: [8] Undefined index: a G:\webpage\shooping\Application\Common\Common\function.php 第 31 行.
NOTIC: [8] Array to string conversion G:\webpage\shooping\Application\Runtime\Cache\Admin\b956215329b6f9aca22277599a4efdfc.php 第 103 行.
INFO: Run Behavior\ParseTemplateBehavior [ RunTime:0.060380s ]
INFO: [ view_parse ] --END-- [ RunTime:0.060491s ]
INFO: [ view_filter ] --START--
INFO: Run Behavior\WriteHtmlCacheBehavior [ RunTime:0.001194s ]
INFO: [ view_filter ] --END-- [ RunTime:0.001293s ]
INFO: [ app_end ] --START--
INFO: Run Behavior\ShowPageTraceBehavior [ RunTime:0.002090s ]
INFO: [ app_end ] --END-- [ RunTime:0.002217s ]

[ 2017-06-06T10:38:08+08:00 ] 127.0.0.1 /admin.php?c=content
INFO: [ app_init ] --START--
INFO: Run Behavior\BuildLiteBehavior [ RunTime:0.000020s ]
INFO: [ app_init ] --END-- [ RunTime:0.000598s ]
INFO: [ app_begin ] --START--
INFO: Run Behavior\ReadHtmlCacheBehavior [ RunTime:0.001046s ]
INFO: [ app_begin ] --END-- [ RunTime:0.001138s ]
NOTIC: [2048] Declaration of Admin\Controller\ContentController::setStatus() should be compatible with Admin\Controller\CommonController::setStatus($data, $models) G:\webpage\shooping\Application\Admin\Controller\ContentController.class.php 第 6 行.
NOTIC: [2048] Declaration of Admin\Controller\ContentController::listorder() should be compatible with Admin\Controller\CommonController::listorder($model = '') G:\webpage\shooping\Application\Admin\Controller\ContentController.class.php 第 6 行.
NOTIC: [8] Undefined index: title G:\webpage\shooping\Application\Admin\Controller\ContentController.class.php 第 9 行.
NOTIC: [8] Undefined index: catid G:\webpage\shooping\Application\Admin\Controller\ContentController.class.php 第 13 行.
NOTIC: [8] Undefined index: p G:\webpage\shooping\Application\Admin\Controller\ContentController.class.php 第 16 行.
NOTIC: [2048] Declaration of Common\Model\NewsModel::find() should be compatible with Think\Model::find($options = Array) G:\webpage\shooping\Application\Common\Model\NewsModel.class.php 第 9 行.
SQL: SHOW COLUMNS FROM `cms_news` [ RunTime:0.0067s ]
SQL: SELECT * FROM `cms_news` WHERE `status` <> -1 ORDER BY listorder desc ,news_id desc LIMIT 0,10   [ RunTime:0.0007s ]
SQL: SELECT COUNT(*) AS tp_count FROM `cms_news` WHERE `status` <> -1 LIMIT 1   [ RunTime:0.0004s ]
NOTIC: [8] Undefined variable: sing_path G:\webpage\shooping\ThinkPHP\Common\functions.php 第 991 行.
NOTIC: [2048] Declaration of Common\Model\PositionModel::find() should be compatible with Think\Model::find($options = Array) G:\webpage\shooping\Application\Common\Model\PositionModel.class.php 第 81 行.
SQL: SHOW COLUMNS FROM `cms_position` [ RunTime:0.0903s ]
SQL: SELECT * FROM `cms_position` WHERE `status` = 1 ORDER BY id  [ RunTime:0.0195s ]
NOTIC: [2048] Declaration of Common\Model\MenuModel::find() should be compatible with Think\Model::find($options = Array) G:\webpage\shooping\Application\Common\Model\MenuModel.class.php 第 84 行.
SQL: SHOW COLUMNS FROM `cms_menu` [ RunTime:0.0109s ]
SQL: SELECT * FROM `cms_menu` WHERE `status` = 1 AND `type` = 0 ORDER BY listorder desc,menu_id desc  [ RunTime:0.0008s ]
INFO: [ view_parse ] --START--
INFO: [ template_filter ] --START--
INFO: Run Behavior\ContentReplaceBehavior [ RunTime:0.000142s ]
INFO: [ template_filter ] --END-- [ RunTime:0.000243s ]
SQL: SELECT * FROM `cms_menu` WHERE `status` <> -1 AND `type` = 1 ORDER BY listorder desc,menu_id desc  [ RunTime:0.0009s ]
NOTIC: [8] Undefined index: a G:\webpage\shooping\Application\Common\Common\function.php 第 31 行.
NOTIC: [8] Undefined index: a G:\webpage\shooping\Application\Common\Common\function.php 第 31 行.
NOTIC: [8] Undefined index: a G:\webpage\shooping\Application\Common\Common\function.php 第 31 行.
NOTIC: [8] Undefined index: a G:\webpage\shooping\Application\Common\Common\function.php 第 31 行.
NOTIC: [8] Undefined index: a G:\webpage\shooping\Application\Common\Common\function.php 第 31 行.
INFO: Run Behavior\ParseTemplateBehavior [ RunTime:0.050516s ]
INFO: [ view_parse ] --END-- [ RunTime:0.050650s ]
INFO: [ view_filter ] --START--
INFO: Run Behavior\WriteHtmlCacheBehavior [ RunTime:0.000803s ]
INFO: [ view_filter ] --END-- [ RunTime:0.000862s ]
INFO: [ app_end ] --START--
INFO: Run Behavior\ShowPageTraceBehavior [ RunTime:0.001145s ]
INFO: [ app_end ] --END-- [ RunTime:0.001208s ]

