[ 2017-04-17T11:16:10+08:00 ] 127.0.0.1 /admin.php
INFO: [ app_init ] --START--
INFO: Run Behavior\BuildLiteBehavior [ RunTime:0.000382s ]
INFO: [ app_init ] --END-- [ RunTime:0.065097s ]
INFO: [ app_begin ] --START--
INFO: Run Behavior\ReadHtmlCacheBehavior [ RunTime:0.016994s ]
INFO: [ app_begin ] --END-- [ RunTime:0.017080s ]
INFO: [ view_parse ] --START--
INFO: [ template_filter ] --START--
INFO: Run Behavior\ContentReplaceBehavior [ RunTime:0.027272s ]
INFO: [ template_filter ] --END-- [ RunTime:0.027437s ]
NOTIC: [8] Undefined variable: navs G:\webpage\shooping\Application\Runtime\Cache\Admin\b595b808c2ebeeeb0478ffc30bb4e87a.php 第 79 行.
NOTIC: [8] Undefined variable: admincount G:\webpage\shooping\Application\Runtime\Cache\Admin\b595b808c2ebeeeb0478ffc30bb4e87a.php 第 116 行.
NOTIC: [8] Undefined variable: newscount G:\webpage\shooping\Application\Runtime\Cache\Admin\b595b808c2ebeeeb0478ffc30bb4e87a.php 第 138 行.
NOTIC: [8] Undefined variable: news G:\webpage\shooping\Application\Runtime\Cache\Admin\b595b808c2ebeeeb0478ffc30bb4e87a.php 第 160 行.
NOTIC: [8] Undefined variable: news G:\webpage\shooping\Application\Runtime\Cache\Admin\b595b808c2ebeeeb0478ffc30bb4e87a.php 第 165 行.
NOTIC: [8] Undefined variable: news G:\webpage\shooping\Application\Runtime\Cache\Admin\b595b808c2ebeeeb0478ffc30bb4e87a.php 第 169 行.
NOTIC: [8] Undefined variable: positioncount G:\webpage\shooping\Application\Runtime\Cache\Admin\b595b808c2ebeeeb0478ffc30bb4e87a.php 第 182 行.
INFO: Run Behavior\ParseTemplateBehavior [ RunTime:0.325240s ]
INFO: [ view_parse ] --END-- [ RunTime:0.325345s ]
INFO: [ view_filter ] --START--
INFO: Run Behavior\WriteHtmlCacheBehavior [ RunTime:0.010822s ]
INFO: [ view_filter ] --END-- [ RunTime:0.010948s ]
INFO: [ app_end ] --START--
INFO: Run Behavior\ShowPageTraceBehavior [ RunTime:0.008340s ]
INFO: [ app_end ] --END-- [ RunTime:0.008469s ]

[ 2017-04-17T21:42:55+08:00 ] 127.0.0.1 /admin.php
INFO: [ app_init ] --START--
INFO: Run Behavior\BuildLiteBehavior [ RunTime:0.000196s ]
INFO: [ app_init ] --END-- [ RunTime:0.022124s ]
INFO: [ app_begin ] --START--
INFO: Run Behavior\ReadHtmlCacheBehavior [ RunTime:0.017490s ]
INFO: [ app_begin ] --END-- [ RunTime:0.017573s ]
INFO: [ view_parse ] --START--
INFO: [ template_filter ] --START--
INFO: Run Behavior\ContentReplaceBehavior [ RunTime:0.032468s ]
INFO: [ template_filter ] --END-- [ RunTime:0.032545s ]
NOTIC: [8] Undefined variable: navs G:\webpage\shooping\Application\Runtime\Cache\Admin\b595b808c2ebeeeb0478ffc30bb4e87a.php 第 79 行.
NOTIC: [8] Undefined variable: admincount G:\webpage\shooping\Application\Runtime\Cache\Admin\b595b808c2ebeeeb0478ffc30bb4e87a.php 第 116 行.
NOTIC: [8] Undefined variable: newscount G:\webpage\shooping\Application\Runtime\Cache\Admin\b595b808c2ebeeeb0478ffc30bb4e87a.php 第 138 行.
NOTIC: [8] Undefined variable: news G:\webpage\shooping\Application\Runtime\Cache\Admin\b595b808c2ebeeeb0478ffc30bb4e87a.php 第 160 行.
NOTIC: [8] Undefined variable: news G:\webpage\shooping\Application\Runtime\Cache\Admin\b595b808c2ebeeeb0478ffc30bb4e87a.php 第 165 行.
NOTIC: [8] Undefined variable: news G:\webpage\shooping\Application\Runtime\Cache\Admin\b595b808c2ebeeeb0478ffc30bb4e87a.php 第 169 行.
NOTIC: [8] Undefined variable: positioncount G:\webpage\shooping\Application\Runtime\Cache\Admin\b595b808c2ebeeeb0478ffc30bb4e87a.php 第 182 行.
INFO: Run Behavior\ParseTemplateBehavior [ RunTime:0.102729s ]
INFO: [ view_parse ] --END-- [ RunTime:0.102795s ]
INFO: [ view_filter ] --START--
INFO: Run Behavior\WriteHtmlCacheBehavior [ RunTime:0.000741s ]
INFO: [ view_filter ] --END-- [ RunTime:0.000789s ]
INFO: [ app_end ] --START--
INFO: Run Behavior\ShowPageTraceBehavior [ RunTime:0.002909s ]
INFO: [ app_end ] --END-- [ RunTime:0.002960s ]

[ 2017-04-17T22:33:26+08:00 ] 127.0.0.1 /admin.php
INFO: [ app_init ] --START--
INFO: Run Behavior\BuildLiteBehavior [ RunTime:0.000018s ]
INFO: [ app_init ] --END-- [ RunTime:0.000574s ]
INFO: [ app_begin ] --START--
INFO: Run Behavior\ReadHtmlCacheBehavior [ RunTime:0.000810s ]
INFO: [ app_begin ] --END-- [ RunTime:0.000887s ]
INFO: [ view_parse ] --START--
INFO: [ template_filter ] --START--
INFO: Run Behavior\ContentReplaceBehavior [ RunTime:0.000074s ]
INFO: [ template_filter ] --END-- [ RunTime:0.000145s ]
NOTIC: [8] Undefined variable: navs G:\webpage\shooping\Application\Runtime\Cache\Admin\b595b808c2ebeeeb0478ffc30bb4e87a.php 第 79 行.
NOTIC: [8] Undefined variable: admincount G:\webpage\shooping\Application\Runtime\Cache\Admin\b595b808c2ebeeeb0478ffc30bb4e87a.php 第 116 行.
NOTIC: [8] Undefined variable: newscount G:\webpage\shooping\Application\Runtime\Cache\Admin\b595b808c2ebeeeb0478ffc30bb4e87a.php 第 138 行.
NOTIC: [8] Undefined variable: news G:\webpage\shooping\Application\Runtime\Cache\Admin\b595b808c2ebeeeb0478ffc30bb4e87a.php 第 160 行.
NOTIC: [8] Undefined variable: news G:\webpage\shooping\Application\Runtime\Cache\Admin\b595b808c2ebeeeb0478ffc30bb4e87a.php 第 165 行.
NOTIC: [8] Undefined variable: news G:\webpage\shooping\Application\Runtime\Cache\Admin\b595b808c2ebeeeb0478ffc30bb4e87a.php 第 169 行.
NOTIC: [8] Undefined variable: positioncount G:\webpage\shooping\Application\Runtime\Cache\Admin\b595b808c2ebeeeb0478ffc30bb4e87a.php 第 182 行.
INFO: Run Behavior\ParseTemplateBehavior [ RunTime:0.013613s ]
INFO: [ view_parse ] --END-- [ RunTime:0.013709s ]
INFO: [ view_filter ] --START--
INFO: Run Behavior\WriteHtmlCacheBehavior [ RunTime:0.000570s ]
INFO: [ view_filter ] --END-- [ RunTime:0.000640s ]
INFO: [ app_end ] --START--
INFO: Run Behavior\ShowPageTraceBehavior [ RunTime:0.001737s ]
INFO: [ app_end ] --END-- [ RunTime:0.001838s ]

[ 2017-04-17T22:33:28+08:00 ] 127.0.0.1 /admin.php?c=menu
INFO: [ app_init ] --START--
INFO: Run Behavior\BuildLiteBehavior [ RunTime:0.000026s ]
INFO: [ app_init ] --END-- [ RunTime:0.000889s ]
INFO: [ app_begin ] --START--
INFO: Run Behavior\ReadHtmlCacheBehavior [ RunTime:0.001841s ]
INFO: [ app_begin ] --END-- [ RunTime:0.002010s ]
NOTIC: [8] Undefined variable: sing_path G:\webpage\shooping\ThinkPHP\Common\functions.php 第 991 行.
NOTIC: [8] Undefined variable: module G:\webpage\shooping\ThinkPHP\Common\functions.php 第 994 行.
NOTIC: [8] Undefined variable: var G:\webpage\shooping\ThinkPHP\Common\functions.php 第 997 行.
NOTIC: [2] array_reverse() expects parameter 1 to be array, null given G:\webpage\shooping\ThinkPHP\Common\functions.php 第 997 行.
NOTIC: [2] http_build_query(): Parameter 1 expected to be Array or Object.  Incorrect value given G:\webpage\shooping\ThinkPHP\Common\functions.php 第 997 行.

[ 2017-04-17T22:33:28+08:00 ] 127.0.0.1 /admin.php?&c=login
INFO: [ app_init ] --START--
INFO: Run Behavior\BuildLiteBehavior [ RunTime:0.000016s ]
INFO: [ app_init ] --END-- [ RunTime:0.000535s ]
INFO: [ app_begin ] --START--
INFO: Run Behavior\ReadHtmlCacheBehavior [ RunTime:0.000775s ]
INFO: [ app_begin ] --END-- [ RunTime:0.000848s ]
INFO: [ view_parse ] --START--
INFO: [ template_filter ] --START--
INFO: Run Behavior\ContentReplaceBehavior [ RunTime:0.000060s ]
INFO: [ template_filter ] --END-- [ RunTime:0.000129s ]
INFO: Run Behavior\ParseTemplateBehavior [ RunTime:0.012745s ]
INFO: [ view_parse ] --END-- [ RunTime:0.012821s ]
INFO: [ view_filter ] --START--
INFO: Run Behavior\WriteHtmlCacheBehavior [ RunTime:0.000439s ]
INFO: [ view_filter ] --END-- [ RunTime:0.000490s ]
INFO: [ app_end ] --START--
INFO: Run Behavior\ShowPageTraceBehavior [ RunTime:0.000798s ]
INFO: [ app_end ] --END-- [ RunTime:0.000851s ]

[ 2017-04-17T22:33:39+08:00 ] 127.0.0.1 /admin.php?c=login&a=check
INFO: [ app_init ] --START--
INFO: Run Behavior\BuildLiteBehavior [ RunTime:0.000017s ]
INFO: [ app_init ] --END-- [ RunTime:0.000541s ]
INFO: [ app_begin ] --START--
INFO: Run Behavior\ReadHtmlCacheBehavior [ RunTime:0.000833s ]
INFO: [ app_begin ] --END-- [ RunTime:0.000891s ]
SQL: SHOW COLUMNS FROM `cms_admin` [ RunTime:0.1783s ]
SQL: SELECT * FROM `cms_admin` WHERE ( username="admin" ) LIMIT 1   [ RunTime:0.0026s ]

[ 2017-04-17T22:33:41+08:00 ] 127.0.0.1 /admin.php?c=index
INFO: [ app_init ] --START--
INFO: Run Behavior\BuildLiteBehavior [ RunTime:0.000019s ]
INFO: [ app_init ] --END-- [ RunTime:0.000591s ]
INFO: [ app_begin ] --START--
INFO: Run Behavior\ReadHtmlCacheBehavior [ RunTime:0.000793s ]
INFO: [ app_begin ] --END-- [ RunTime:0.000860s ]
INFO: [ view_parse ] --START--
INFO: [ template_filter ] --START--
INFO: Run Behavior\ContentReplaceBehavior [ RunTime:0.000070s ]
INFO: [ template_filter ] --END-- [ RunTime:0.000131s ]
NOTIC: [8] Undefined variable: navs G:\webpage\shooping\Application\Runtime\Cache\Admin\b595b808c2ebeeeb0478ffc30bb4e87a.php 第 79 行.
NOTIC: [8] Undefined variable: admincount G:\webpage\shooping\Application\Runtime\Cache\Admin\b595b808c2ebeeeb0478ffc30bb4e87a.php 第 116 行.
NOTIC: [8] Undefined variable: newscount G:\webpage\shooping\Application\Runtime\Cache\Admin\b595b808c2ebeeeb0478ffc30bb4e87a.php 第 138 行.
NOTIC: [8] Undefined variable: news G:\webpage\shooping\Application\Runtime\Cache\Admin\b595b808c2ebeeeb0478ffc30bb4e87a.php 第 160 行.
NOTIC: [8] Undefined variable: news G:\webpage\shooping\Application\Runtime\Cache\Admin\b595b808c2ebeeeb0478ffc30bb4e87a.php 第 165 行.
NOTIC: [8] Undefined variable: news G:\webpage\shooping\Application\Runtime\Cache\Admin\b595b808c2ebeeeb0478ffc30bb4e87a.php 第 169 行.
NOTIC: [8] Undefined variable: positioncount G:\webpage\shooping\Application\Runtime\Cache\Admin\b595b808c2ebeeeb0478ffc30bb4e87a.php 第 182 行.
INFO: Run Behavior\ParseTemplateBehavior [ RunTime:0.012524s ]
INFO: [ view_parse ] --END-- [ RunTime:0.012583s ]
INFO: [ view_filter ] --START--
INFO: Run Behavior\WriteHtmlCacheBehavior [ RunTime:0.000387s ]
INFO: [ view_filter ] --END-- [ RunTime:0.000431s ]
INFO: [ app_end ] --START--
INFO: Run Behavior\ShowPageTraceBehavior [ RunTime:0.000796s ]
INFO: [ app_end ] --END-- [ RunTime:0.000844s ]

[ 2017-04-17T22:33:42+08:00 ] 127.0.0.1 /admin.php?c=menu
INFO: [ app_init ] --START--
INFO: Run Behavior\BuildLiteBehavior [ RunTime:0.000018s ]
INFO: [ app_init ] --END-- [ RunTime:0.000562s ]
INFO: [ app_begin ] --START--
INFO: Run Behavior\ReadHtmlCacheBehavior [ RunTime:0.000777s ]
INFO: [ app_begin ] --END-- [ RunTime:0.000836s ]
INFO: [ view_parse ] --START--
INFO: [ template_filter ] --START--
INFO: Run Behavior\ContentReplaceBehavior [ RunTime:0.000075s ]
INFO: [ template_filter ] --END-- [ RunTime:0.000140s ]
NOTIC: [8] Undefined variable: navs G:\webpage\shooping\Application\Runtime\Cache\Admin\b956215329b6f9aca22277599a4efdfc.php 第 80 行.
NOTIC: [8] Undefined variable: nav G:\webpage\shooping\Application\Runtime\Cache\Admin\b956215329b6f9aca22277599a4efdfc.php 第 102 行.
NOTIC: [8] Undefined variable: type G:\webpage\shooping\Application\Runtime\Cache\Admin\b956215329b6f9aca22277599a4efdfc.php 第 116 行.
NOTIC: [8] Undefined variable: type G:\webpage\shooping\Application\Runtime\Cache\Admin\b956215329b6f9aca22277599a4efdfc.php 第 117 行.
NOTIC: [8] Undefined variable: menus G:\webpage\shooping\Application\Runtime\Cache\Admin\b956215329b6f9aca22277599a4efdfc.php 第 150 行.
NOTIC: [8] Undefined variable: pageRes G:\webpage\shooping\Application\Runtime\Cache\Admin\b956215329b6f9aca22277599a4efdfc.php 第 165 行.
INFO: Run Behavior\ParseTemplateBehavior [ RunTime:0.017352s ]
INFO: [ view_parse ] --END-- [ RunTime:0.017432s ]
INFO: [ view_filter ] --START--
INFO: Run Behavior\WriteHtmlCacheBehavior [ RunTime:0.000518s ]
INFO: [ view_filter ] --END-- [ RunTime:0.000595s ]
INFO: [ app_end ] --START--
INFO: Run Behavior\ShowPageTraceBehavior [ RunTime:0.000780s ]
INFO: [ app_end ] --END-- [ RunTime:0.000830s ]

[ 2017-04-17T22:53:19+08:00 ] 127.0.0.1 /admin.php?type=1&c=menu&a=index
INFO: [ app_init ] --START--
INFO: Run Behavior\BuildLiteBehavior [ RunTime:0.000020s ]
INFO: [ app_init ] --END-- [ RunTime:0.000676s ]
INFO: [ app_begin ] --START--
INFO: Run Behavior\ReadHtmlCacheBehavior [ RunTime:0.001027s ]
INFO: [ app_begin ] --END-- [ RunTime:0.001090s ]
INFO: [ view_parse ] --START--
INFO: [ template_filter ] --START--
INFO: Run Behavior\ContentReplaceBehavior [ RunTime:0.000075s ]
INFO: [ template_filter ] --END-- [ RunTime:0.000135s ]
NOTIC: [8] Undefined variable: navs G:\webpage\shooping\Application\Runtime\Cache\Admin\b956215329b6f9aca22277599a4efdfc.php 第 80 行.
NOTIC: [8] Undefined variable: nav G:\webpage\shooping\Application\Runtime\Cache\Admin\b956215329b6f9aca22277599a4efdfc.php 第 102 行.
NOTIC: [8] Undefined variable: type G:\webpage\shooping\Application\Runtime\Cache\Admin\b956215329b6f9aca22277599a4efdfc.php 第 116 行.
NOTIC: [8] Undefined variable: type G:\webpage\shooping\Application\Runtime\Cache\Admin\b956215329b6f9aca22277599a4efdfc.php 第 117 行.
NOTIC: [8] Undefined variable: menus G:\webpage\shooping\Application\Runtime\Cache\Admin\b956215329b6f9aca22277599a4efdfc.php 第 150 行.
NOTIC: [8] Undefined variable: pageRes G:\webpage\shooping\Application\Runtime\Cache\Admin\b956215329b6f9aca22277599a4efdfc.php 第 165 行.
INFO: Run Behavior\ParseTemplateBehavior [ RunTime:0.016737s ]
INFO: [ view_parse ] --END-- [ RunTime:0.016821s ]
INFO: [ view_filter ] --START--
INFO: Run Behavior\WriteHtmlCacheBehavior [ RunTime:0.000687s ]
INFO: [ view_filter ] --END-- [ RunTime:0.000758s ]
INFO: [ app_end ] --START--
INFO: Run Behavior\ShowPageTraceBehavior [ RunTime:0.001588s ]
INFO: [ app_end ] --END-- [ RunTime:0.001670s ]

[ 2017-04-17T22:58:18+08:00 ] 127.0.0.1 /admin.php?c=login&a=loginout
INFO: [ app_init ] --START--
INFO: Run Behavior\BuildLiteBehavior [ RunTime:0.000030s ]
INFO: [ app_init ] --END-- [ RunTime:0.000945s ]
INFO: [ app_begin ] --START--
INFO: Run Behavior\ReadHtmlCacheBehavior [ RunTime:0.001431s ]
INFO: [ app_begin ] --END-- [ RunTime:0.001539s ]
NOTIC: [8] Undefined variable: sing_path G:\webpage\shooping\ThinkPHP\Common\functions.php 第 991 行.
NOTIC: [8] Undefined variable: module G:\webpage\shooping\ThinkPHP\Common\functions.php 第 994 行.
NOTIC: [8] Undefined variable: var G:\webpage\shooping\ThinkPHP\Common\functions.php 第 997 行.
NOTIC: [2] array_reverse() expects parameter 1 to be array, null given G:\webpage\shooping\ThinkPHP\Common\functions.php 第 997 行.
NOTIC: [2] http_build_query(): Parameter 1 expected to be Array or Object.  Incorrect value given G:\webpage\shooping\ThinkPHP\Common\functions.php 第 997 行.

[ 2017-04-17T22:58:18+08:00 ] 127.0.0.1 /admin.php?&c=login
INFO: [ app_init ] --START--
INFO: Run Behavior\BuildLiteBehavior [ RunTime:0.000017s ]
INFO: [ app_init ] --END-- [ RunTime:0.000585s ]
INFO: [ app_begin ] --START--
INFO: Run Behavior\ReadHtmlCacheBehavior [ RunTime:0.001137s ]
INFO: [ app_begin ] --END-- [ RunTime:0.001226s ]
INFO: [ view_parse ] --START--
INFO: [ template_filter ] --START--
INFO: Run Behavior\ContentReplaceBehavior [ RunTime:0.000063s ]
INFO: [ template_filter ] --END-- [ RunTime:0.000136s ]
INFO: Run Behavior\ParseTemplateBehavior [ RunTime:0.009048s ]
INFO: [ view_parse ] --END-- [ RunTime:0.009119s ]
INFO: [ view_filter ] --START--
INFO: Run Behavior\WriteHtmlCacheBehavior [ RunTime:0.000503s ]
INFO: [ view_filter ] --END-- [ RunTime:0.000550s ]
INFO: [ app_end ] --START--
INFO: Run Behavior\ShowPageTraceBehavior [ RunTime:0.000893s ]
INFO: [ app_end ] --END-- [ RunTime:0.000954s ]

[ 2017-04-17T22:58:32+08:00 ] 127.0.0.1 /admin.php
INFO: [ app_init ] --START--
INFO: Run Behavior\BuildLiteBehavior [ RunTime:0.000022s ]
INFO: [ app_init ] --END-- [ RunTime:0.001499s ]
INFO: [ app_begin ] --START--
INFO: Run Behavior\ReadHtmlCacheBehavior [ RunTime:0.000962s ]
INFO: [ app_begin ] --END-- [ RunTime:0.001028s ]
NOTIC: [8] Undefined variable: sing_path G:\webpage\shooping\ThinkPHP\Common\functions.php 第 991 行.
NOTIC: [8] Undefined variable: module G:\webpage\shooping\ThinkPHP\Common\functions.php 第 994 行.
NOTIC: [8] Undefined variable: var G:\webpage\shooping\ThinkPHP\Common\functions.php 第 997 行.
NOTIC: [2] array_reverse() expects parameter 1 to be array, null given G:\webpage\shooping\ThinkPHP\Common\functions.php 第 997 行.
NOTIC: [2] http_build_query(): Parameter 1 expected to be Array or Object.  Incorrect value given G:\webpage\shooping\ThinkPHP\Common\functions.php 第 997 行.

[ 2017-04-17T22:58:32+08:00 ] 127.0.0.1 /admin.php?&c=login
INFO: [ app_init ] --START--
INFO: Run Behavior\BuildLiteBehavior [ RunTime:0.000019s ]
INFO: [ app_init ] --END-- [ RunTime:0.000564s ]
INFO: [ app_begin ] --START--
INFO: Run Behavior\ReadHtmlCacheBehavior [ RunTime:0.000768s ]
INFO: [ app_begin ] --END-- [ RunTime:0.000828s ]
INFO: [ view_parse ] --START--
INFO: [ template_filter ] --START--
INFO: Run Behavior\ContentReplaceBehavior [ RunTime:0.000074s ]
INFO: [ template_filter ] --END-- [ RunTime:0.000168s ]
INFO: Run Behavior\ParseTemplateBehavior [ RunTime:0.147211s ]
INFO: [ view_parse ] --END-- [ RunTime:0.147287s ]
INFO: [ view_filter ] --START--
INFO: Run Behavior\WriteHtmlCacheBehavior [ RunTime:0.000431s ]
INFO: [ view_filter ] --END-- [ RunTime:0.000478s ]
INFO: [ app_end ] --START--
INFO: Run Behavior\ShowPageTraceBehavior [ RunTime:0.000793s ]
INFO: [ app_end ] --END-- [ RunTime:0.000842s ]

[ 2017-04-17T22:58:40+08:00 ] 127.0.0.1 /admin.php?c=login&a=check
INFO: [ app_init ] --START--
INFO: Run Behavior\BuildLiteBehavior [ RunTime:0.000020s ]
INFO: [ app_init ] --END-- [ RunTime:0.000585s ]
INFO: [ app_begin ] --START--
INFO: Run Behavior\ReadHtmlCacheBehavior [ RunTime:0.001204s ]
INFO: [ app_begin ] --END-- [ RunTime:0.001347s ]
SQL: SHOW COLUMNS FROM `cms_admin` [ RunTime:0.0083s ]
SQL: SELECT * FROM `cms_admin` WHERE ( username="admin" ) LIMIT 1   [ RunTime:0.0005s ]

[ 2017-04-17T22:58:42+08:00 ] 127.0.0.1 /admin.php?c=index
INFO: [ app_init ] --START--
INFO: Run Behavior\BuildLiteBehavior [ RunTime:0.000017s ]
INFO: [ app_init ] --END-- [ RunTime:0.000553s ]
INFO: [ app_begin ] --START--
INFO: Run Behavior\ReadHtmlCacheBehavior [ RunTime:0.000788s ]
INFO: [ app_begin ] --END-- [ RunTime:0.000851s ]
INFO: [ view_parse ] --START--
INFO: [ template_filter ] --START--
INFO: Run Behavior\ContentReplaceBehavior [ RunTime:0.000134s ]
INFO: [ template_filter ] --END-- [ RunTime:0.000198s ]
NOTIC: [8] Undefined variable: navs G:\webpage\shooping\Application\Runtime\Cache\Admin\b595b808c2ebeeeb0478ffc30bb4e87a.php 第 79 行.
NOTIC: [8] Undefined variable: admincount G:\webpage\shooping\Application\Runtime\Cache\Admin\b595b808c2ebeeeb0478ffc30bb4e87a.php 第 116 行.
NOTIC: [8] Undefined variable: newscount G:\webpage\shooping\Application\Runtime\Cache\Admin\b595b808c2ebeeeb0478ffc30bb4e87a.php 第 138 行.
NOTIC: [8] Undefined variable: news G:\webpage\shooping\Application\Runtime\Cache\Admin\b595b808c2ebeeeb0478ffc30bb4e87a.php 第 160 行.
NOTIC: [8] Undefined variable: news G:\webpage\shooping\Application\Runtime\Cache\Admin\b595b808c2ebeeeb0478ffc30bb4e87a.php 第 165 行.
NOTIC: [8] Undefined variable: news G:\webpage\shooping\Application\Runtime\Cache\Admin\b595b808c2ebeeeb0478ffc30bb4e87a.php 第 169 行.
NOTIC: [8] Undefined variable: positioncount G:\webpage\shooping\Application\Runtime\Cache\Admin\b595b808c2ebeeeb0478ffc30bb4e87a.php 第 182 行.
INFO: Run Behavior\ParseTemplateBehavior [ RunTime:0.014657s ]
INFO: [ view_parse ] --END-- [ RunTime:0.014729s ]
INFO: [ view_filter ] --START--
INFO: Run Behavior\WriteHtmlCacheBehavior [ RunTime:0.000407s ]
INFO: [ view_filter ] --END-- [ RunTime:0.000451s ]
INFO: [ app_end ] --START--
INFO: Run Behavior\ShowPageTraceBehavior [ RunTime:0.000785s ]
INFO: [ app_end ] --END-- [ RunTime:0.000833s ]

[ 2017-04-17T22:58:48+08:00 ] 127.0.0.1 /admin.php?c=index
INFO: [ app_init ] --START--
INFO: Run Behavior\BuildLiteBehavior [ RunTime:0.000018s ]
INFO: [ app_init ] --END-- [ RunTime:0.000557s ]
INFO: [ app_begin ] --START--
INFO: Run Behavior\ReadHtmlCacheBehavior [ RunTime:0.000790s ]
INFO: [ app_begin ] --END-- [ RunTime:0.000852s ]
INFO: [ view_parse ] --START--
INFO: [ template_filter ] --START--
INFO: Run Behavior\ContentReplaceBehavior [ RunTime:0.000068s ]
INFO: [ template_filter ] --END-- [ RunTime:0.000127s ]
NOTIC: [8] Undefined variable: navs G:\webpage\shooping\Application\Runtime\Cache\Admin\b595b808c2ebeeeb0478ffc30bb4e87a.php 第 79 行.
NOTIC: [8] Undefined variable: admincount G:\webpage\shooping\Application\Runtime\Cache\Admin\b595b808c2ebeeeb0478ffc30bb4e87a.php 第 116 行.
NOTIC: [8] Undefined variable: newscount G:\webpage\shooping\Application\Runtime\Cache\Admin\b595b808c2ebeeeb0478ffc30bb4e87a.php 第 138 行.
NOTIC: [8] Undefined variable: news G:\webpage\shooping\Application\Runtime\Cache\Admin\b595b808c2ebeeeb0478ffc30bb4e87a.php 第 160 行.
NOTIC: [8] Undefined variable: news G:\webpage\shooping\Application\Runtime\Cache\Admin\b595b808c2ebeeeb0478ffc30bb4e87a.php 第 165 行.
NOTIC: [8] Undefined variable: news G:\webpage\shooping\Application\Runtime\Cache\Admin\b595b808c2ebeeeb0478ffc30bb4e87a.php 第 169 行.
NOTIC: [8] Undefined variable: positioncount G:\webpage\shooping\Application\Runtime\Cache\Admin\b595b808c2ebeeeb0478ffc30bb4e87a.php 第 182 行.
INFO: Run Behavior\ParseTemplateBehavior [ RunTime:0.011671s ]
INFO: [ view_parse ] --END-- [ RunTime:0.011723s ]
INFO: [ view_filter ] --START--
INFO: Run Behavior\WriteHtmlCacheBehavior [ RunTime:0.000401s ]
INFO: [ view_filter ] --END-- [ RunTime:0.000445s ]
INFO: [ app_end ] --START--
INFO: Run Behavior\ShowPageTraceBehavior [ RunTime:0.000786s ]
INFO: [ app_end ] --END-- [ RunTime:0.000835s ]

[ 2017-04-17T22:58:51+08:00 ] 127.0.0.1 /admin.php?c=login&a=loginout
INFO: [ app_init ] --START--
INFO: Run Behavior\BuildLiteBehavior [ RunTime:0.000017s ]
INFO: [ app_init ] --END-- [ RunTime:0.000580s ]
INFO: [ app_begin ] --START--
INFO: Run Behavior\ReadHtmlCacheBehavior [ RunTime:0.001367s ]
INFO: [ app_begin ] --END-- [ RunTime:0.001477s ]
NOTIC: [8] Undefined variable: sing_path G:\webpage\shooping\ThinkPHP\Common\functions.php 第 991 行.
NOTIC: [8] Undefined variable: module G:\webpage\shooping\ThinkPHP\Common\functions.php 第 994 行.
NOTIC: [8] Undefined variable: var G:\webpage\shooping\ThinkPHP\Common\functions.php 第 997 行.
NOTIC: [2] array_reverse() expects parameter 1 to be array, null given G:\webpage\shooping\ThinkPHP\Common\functions.php 第 997 行.
NOTIC: [2] http_build_query(): Parameter 1 expected to be Array or Object.  Incorrect value given G:\webpage\shooping\ThinkPHP\Common\functions.php 第 997 行.

[ 2017-04-17T22:58:51+08:00 ] 127.0.0.1 /admin.php?&c=login
INFO: [ app_init ] --START--
INFO: Run Behavior\BuildLiteBehavior [ RunTime:0.000019s ]
INFO: [ app_init ] --END-- [ RunTime:0.000582s ]
INFO: [ app_begin ] --START--
INFO: Run Behavior\ReadHtmlCacheBehavior [ RunTime:0.000823s ]
INFO: [ app_begin ] --END-- [ RunTime:0.000891s ]
INFO: [ view_parse ] --START--
INFO: [ template_filter ] --START--
INFO: Run Behavior\ContentReplaceBehavior [ RunTime:0.000074s ]
INFO: [ template_filter ] --END-- [ RunTime:0.000177s ]
INFO: Run Behavior\ParseTemplateBehavior [ RunTime:0.010160s ]
INFO: [ view_parse ] --END-- [ RunTime:0.010241s ]
INFO: [ view_filter ] --START--
INFO: Run Behavior\WriteHtmlCacheBehavior [ RunTime:0.000551s ]
INFO: [ view_filter ] --END-- [ RunTime:0.000618s ]
INFO: [ app_end ] --START--
INFO: Run Behavior\ShowPageTraceBehavior [ RunTime:0.000828s ]
INFO: [ app_end ] --END-- [ RunTime:0.000898s ]

[ 2017-04-17T22:58:54+08:00 ] 127.0.0.1 /admin.php?c=index
INFO: [ app_init ] --START--
INFO: Run Behavior\BuildLiteBehavior [ RunTime:0.000018s ]
INFO: [ app_init ] --END-- [ RunTime:0.000607s ]
INFO: [ app_begin ] --START--
INFO: Run Behavior\ReadHtmlCacheBehavior [ RunTime:0.000816s ]
INFO: [ app_begin ] --END-- [ RunTime:0.000884s ]
NOTIC: [8] Undefined variable: sing_path G:\webpage\shooping\ThinkPHP\Common\functions.php 第 991 行.
NOTIC: [8] Undefined variable: module G:\webpage\shooping\ThinkPHP\Common\functions.php 第 994 行.
NOTIC: [8] Undefined variable: var G:\webpage\shooping\ThinkPHP\Common\functions.php 第 997 行.
NOTIC: [2] array_reverse() expects parameter 1 to be array, null given G:\webpage\shooping\ThinkPHP\Common\functions.php 第 997 行.
NOTIC: [2] http_build_query(): Parameter 1 expected to be Array or Object.  Incorrect value given G:\webpage\shooping\ThinkPHP\Common\functions.php 第 997 行.

[ 2017-04-17T22:58:54+08:00 ] 127.0.0.1 /admin.php?&c=login
INFO: [ app_init ] --START--
INFO: Run Behavior\BuildLiteBehavior [ RunTime:0.000017s ]
INFO: [ app_init ] --END-- [ RunTime:0.000594s ]
INFO: [ app_begin ] --START--
INFO: Run Behavior\ReadHtmlCacheBehavior [ RunTime:0.000817s ]
INFO: [ app_begin ] --END-- [ RunTime:0.000878s ]
INFO: [ view_parse ] --START--
INFO: [ template_filter ] --START--
INFO: Run Behavior\ContentReplaceBehavior [ RunTime:0.000054s ]
INFO: [ template_filter ] --END-- [ RunTime:0.000120s ]
INFO: Run Behavior\ParseTemplateBehavior [ RunTime:0.008549s ]
INFO: [ view_parse ] --END-- [ RunTime:0.008630s ]
INFO: [ view_filter ] --START--
INFO: Run Behavior\WriteHtmlCacheBehavior [ RunTime:0.000683s ]
INFO: [ view_filter ] --END-- [ RunTime:0.000757s ]
INFO: [ app_end ] --START--
INFO: Run Behavior\ShowPageTraceBehavior [ RunTime:0.000881s ]
INFO: [ app_end ] --END-- [ RunTime:0.000954s ]

[ 2017-04-17T22:59:04+08:00 ] 127.0.0.1 /admin.php?c=login&a=check
INFO: [ app_init ] --START--
INFO: Run Behavior\BuildLiteBehavior [ RunTime:0.000027s ]
INFO: [ app_init ] --END-- [ RunTime:0.000900s ]
INFO: [ app_begin ] --START--
INFO: Run Behavior\ReadHtmlCacheBehavior [ RunTime:0.000821s ]
INFO: [ app_begin ] --END-- [ RunTime:0.000884s ]
SQL: SHOW COLUMNS FROM `cms_admin` [ RunTime:0.0116s ]
SQL: SELECT * FROM `cms_admin` WHERE ( username="admin" ) LIMIT 1   [ RunTime:0.0004s ]

[ 2017-04-17T22:59:06+08:00 ] 127.0.0.1 /admin.php?c=index
INFO: [ app_init ] --START--
INFO: Run Behavior\BuildLiteBehavior [ RunTime:0.000017s ]
INFO: [ app_init ] --END-- [ RunTime:0.000538s ]
INFO: [ app_begin ] --START--
INFO: Run Behavior\ReadHtmlCacheBehavior [ RunTime:0.001367s ]
INFO: [ app_begin ] --END-- [ RunTime:0.001473s ]
INFO: [ view_parse ] --START--
INFO: [ template_filter ] --START--
INFO: Run Behavior\ContentReplaceBehavior [ RunTime:0.000067s ]
INFO: [ template_filter ] --END-- [ RunTime:0.000124s ]
NOTIC: [8] Undefined variable: navs G:\webpage\shooping\Application\Runtime\Cache\Admin\b595b808c2ebeeeb0478ffc30bb4e87a.php 第 79 行.
NOTIC: [8] Undefined variable: admincount G:\webpage\shooping\Application\Runtime\Cache\Admin\b595b808c2ebeeeb0478ffc30bb4e87a.php 第 116 行.
NOTIC: [8] Undefined variable: newscount G:\webpage\shooping\Application\Runtime\Cache\Admin\b595b808c2ebeeeb0478ffc30bb4e87a.php 第 138 行.
NOTIC: [8] Undefined variable: news G:\webpage\shooping\Application\Runtime\Cache\Admin\b595b808c2ebeeeb0478ffc30bb4e87a.php 第 160 行.
NOTIC: [8] Undefined variable: news G:\webpage\shooping\Application\Runtime\Cache\Admin\b595b808c2ebeeeb0478ffc30bb4e87a.php 第 165 行.
NOTIC: [8] Undefined variable: news G:\webpage\shooping\Application\Runtime\Cache\Admin\b595b808c2ebeeeb0478ffc30bb4e87a.php 第 169 行.
NOTIC: [8] Undefined variable: positioncount G:\webpage\shooping\Application\Runtime\Cache\Admin\b595b808c2ebeeeb0478ffc30bb4e87a.php 第 182 行.
INFO: Run Behavior\ParseTemplateBehavior [ RunTime:0.011533s ]
INFO: [ view_parse ] --END-- [ RunTime:0.011589s ]
INFO: [ view_filter ] --START--
INFO: Run Behavior\WriteHtmlCacheBehavior [ RunTime:0.000398s ]
INFO: [ view_filter ] --END-- [ RunTime:0.000441s ]
INFO: [ app_end ] --START--
INFO: Run Behavior\ShowPageTraceBehavior [ RunTime:0.001476s ]
INFO: [ app_end ] --END-- [ RunTime:0.001613s ]

[ 2017-04-17T22:59:08+08:00 ] 127.0.0.1 /admin.php?c=menu
INFO: [ app_init ] --START--
INFO: Run Behavior\BuildLiteBehavior [ RunTime:0.000025s ]
INFO: [ app_init ] --END-- [ RunTime:0.000810s ]
INFO: [ app_begin ] --START--
INFO: Run Behavior\ReadHtmlCacheBehavior [ RunTime:0.001604s ]
INFO: [ app_begin ] --END-- [ RunTime:0.001717s ]
INFO: [ view_parse ] --START--
INFO: [ template_filter ] --START--
INFO: Run Behavior\ContentReplaceBehavior [ RunTime:0.000073s ]
INFO: [ template_filter ] --END-- [ RunTime:0.000141s ]
NOTIC: [8] Undefined variable: navs G:\webpage\shooping\Application\Runtime\Cache\Admin\b956215329b6f9aca22277599a4efdfc.php 第 80 行.
NOTIC: [8] Undefined variable: nav G:\webpage\shooping\Application\Runtime\Cache\Admin\b956215329b6f9aca22277599a4efdfc.php 第 102 行.
NOTIC: [8] Undefined variable: type G:\webpage\shooping\Application\Runtime\Cache\Admin\b956215329b6f9aca22277599a4efdfc.php 第 116 行.
NOTIC: [8] Undefined variable: type G:\webpage\shooping\Application\Runtime\Cache\Admin\b956215329b6f9aca22277599a4efdfc.php 第 117 行.
NOTIC: [8] Undefined variable: menus G:\webpage\shooping\Application\Runtime\Cache\Admin\b956215329b6f9aca22277599a4efdfc.php 第 150 行.
NOTIC: [8] Undefined variable: pageRes G:\webpage\shooping\Application\Runtime\Cache\Admin\b956215329b6f9aca22277599a4efdfc.php 第 165 行.
INFO: Run Behavior\ParseTemplateBehavior [ RunTime:0.015961s ]
INFO: [ view_parse ] --END-- [ RunTime:0.016040s ]
INFO: [ view_filter ] --START--
INFO: Run Behavior\WriteHtmlCacheBehavior [ RunTime:0.000524s ]
INFO: [ view_filter ] --END-- [ RunTime:0.000594s ]
INFO: [ app_end ] --START--
INFO: Run Behavior\ShowPageTraceBehavior [ RunTime:0.000797s ]
INFO: [ app_end ] --END-- [ RunTime:0.000858s ]

[ 2017-04-17T23:24:39+08:00 ] 127.0.0.1 /admin.php?c=menu
INFO: [ app_init ] --START--
INFO: Run Behavior\BuildLiteBehavior [ RunTime:0.000018s ]
INFO: [ app_init ] --END-- [ RunTime:0.000612s ]
INFO: [ app_begin ] --START--
INFO: Run Behavior\ReadHtmlCacheBehavior [ RunTime:0.001228s ]
INFO: [ app_begin ] --END-- [ RunTime:0.001314s ]
NOTIC: [8] Undefined index: p G:\webpage\shooping\Application\Admin\Controller\MenuController.class.php 第 10 行.
NOTIC: [8] Undefined index: pageSize G:\webpage\shooping\Application\Admin\Controller\MenuController.class.php 第 11 行.
SQL: SHOW COLUMNS FROM `cms_menu` [ RunTime:0.3344s ]
SQL: SELECT * FROM `cms_menu` WHERE `status` <> -1 ORDER BY menu_id desc LIMIT 0,3   [ RunTime:0.3265s ]
SQL: SELECT COUNT(*) AS tp_count FROM `cms_menu` WHERE `status` <> -1 LIMIT 1   [ RunTime:0.0234s ]
NOTIC: [8] Undefined variable: sing_path G:\webpage\shooping\ThinkPHP\Common\functions.php 第 991 行.
INFO: [ view_parse ] --START--
INFO: [ template_filter ] --START--
INFO: Run Behavior\ContentReplaceBehavior [ RunTime:0.000080s ]
INFO: [ template_filter ] --END-- [ RunTime:0.000136s ]
NOTIC: [8] Undefined variable: navs G:\webpage\shooping\Application\Runtime\Cache\Admin\b956215329b6f9aca22277599a4efdfc.php 第 80 行.
NOTIC: [8] Undefined variable: nav G:\webpage\shooping\Application\Runtime\Cache\Admin\b956215329b6f9aca22277599a4efdfc.php 第 102 行.
NOTIC: [8] Undefined variable: type G:\webpage\shooping\Application\Runtime\Cache\Admin\b956215329b6f9aca22277599a4efdfc.php 第 116 行.
NOTIC: [8] Undefined variable: type G:\webpage\shooping\Application\Runtime\Cache\Admin\b956215329b6f9aca22277599a4efdfc.php 第 117 行.

[ 2017-04-17T23:31:52+08:00 ] 127.0.0.1 /admin.php?c=menu
INFO: [ app_init ] --START--
INFO: Run Behavior\BuildLiteBehavior [ RunTime:0.000021s ]
INFO: [ app_init ] --END-- [ RunTime:0.000642s ]
INFO: [ app_begin ] --START--
INFO: Run Behavior\ReadHtmlCacheBehavior [ RunTime:0.000887s ]
INFO: [ app_begin ] --END-- [ RunTime:0.000951s ]
NOTIC: [8] Undefined index: p G:\webpage\shooping\Application\Admin\Controller\MenuController.class.php 第 10 行.
NOTIC: [8] Undefined index: pageSize G:\webpage\shooping\Application\Admin\Controller\MenuController.class.php 第 11 行.
SQL: SHOW COLUMNS FROM `cms_menu` [ RunTime:0.0200s ]
SQL: SELECT * FROM `cms_menu` WHERE `status` <> -1 ORDER BY menu_id desc LIMIT 0,3   [ RunTime:0.0005s ]
SQL: SELECT COUNT(*) AS tp_count FROM `cms_menu` WHERE `status` <> -1 LIMIT 1   [ RunTime:0.0003s ]
NOTIC: [8] Undefined variable: sing_path G:\webpage\shooping\ThinkPHP\Common\functions.php 第 991 行.
INFO: [ view_parse ] --START--
INFO: [ template_filter ] --START--
INFO: Run Behavior\ContentReplaceBehavior [ RunTime:0.000077s ]
INFO: [ template_filter ] --END-- [ RunTime:0.000147s ]
NOTIC: [8] Undefined variable: navs G:\webpage\shooping\Application\Runtime\Cache\Admin\b956215329b6f9aca22277599a4efdfc.php 第 80 行.
NOTIC: [8] Undefined variable: nav G:\webpage\shooping\Application\Runtime\Cache\Admin\b956215329b6f9aca22277599a4efdfc.php 第 102 行.
NOTIC: [8] Undefined variable: type G:\webpage\shooping\Application\Runtime\Cache\Admin\b956215329b6f9aca22277599a4efdfc.php 第 116 行.
NOTIC: [8] Undefined variable: type G:\webpage\shooping\Application\Runtime\Cache\Admin\b956215329b6f9aca22277599a4efdfc.php 第 117 行.
INFO: Run Behavior\ParseTemplateBehavior [ RunTime:0.015879s ]
INFO: [ view_parse ] --END-- [ RunTime:0.015934s ]
INFO: [ view_filter ] --START--
INFO: Run Behavior\WriteHtmlCacheBehavior [ RunTime:0.000497s ]
INFO: [ view_filter ] --END-- [ RunTime:0.000548s ]
INFO: [ app_end ] --START--
INFO: Run Behavior\ShowPageTraceBehavior [ RunTime:0.001395s ]
INFO: [ app_end ] --END-- [ RunTime:0.001482s ]

[ 2017-04-17T23:32:36+08:00 ] 127.0.0.1 /admin.php?c=menu&a=add
INFO: [ app_init ] --START--
INFO: Run Behavior\BuildLiteBehavior [ RunTime:0.000019s ]
INFO: [ app_init ] --END-- [ RunTime:0.000752s ]
INFO: [ app_begin ] --START--
INFO: Run Behavior\ReadHtmlCacheBehavior [ RunTime:0.001149s ]
INFO: [ app_begin ] --END-- [ RunTime:0.001212s ]
INFO: [ view_parse ] --START--
INFO: [ template_filter ] --START--
INFO: Run Behavior\ContentReplaceBehavior [ RunTime:0.000078s ]
INFO: [ template_filter ] --END-- [ RunTime:0.000140s ]
NOTIC: [8] Undefined variable: navs G:\webpage\shooping\Application\Runtime\Cache\Admin\31553d7bb41170a30982ff9dddd5d67e.php 第 80 行.
NOTIC: [8] Undefined variable: menus G:\webpage\shooping\Application\Runtime\Cache\Admin\31553d7bb41170a30982ff9dddd5d67e.php 第 124 行.
INFO: Run Behavior\ParseTemplateBehavior [ RunTime:0.016895s ]
INFO: [ view_parse ] --END-- [ RunTime:0.016967s ]
INFO: [ view_filter ] --START--
INFO: Run Behavior\WriteHtmlCacheBehavior [ RunTime:0.000883s ]
INFO: [ view_filter ] --END-- [ RunTime:0.000942s ]
INFO: [ app_end ] --START--
INFO: Run Behavior\ShowPageTraceBehavior [ RunTime:0.001042s ]
INFO: [ app_end ] --END-- [ RunTime:0.001093s ]

[ 2017-04-17T23:33:33+08:00 ] 127.0.0.1 /admin.php?c=menu&a=add
INFO: [ app_init ] --START--
INFO: Run Behavior\BuildLiteBehavior [ RunTime:0.000031s ]
INFO: [ app_init ] --END-- [ RunTime:0.001049s ]
INFO: [ app_begin ] --START--
INFO: Run Behavior\ReadHtmlCacheBehavior [ RunTime:0.001094s ]
INFO: [ app_begin ] --END-- [ RunTime:0.001155s ]
NOTIC: [8] Undefined index: menu_id G:\webpage\shooping\Application\Admin\Controller\MenuController.class.php 第 34 行.
SQL: SHOW COLUMNS FROM `cms_menu` [ RunTime:0.0234s ]
SQL: INSERT INTO `cms_menu` (`name`,`type`,`m`,`c`,`f`,`status`) VALUES ('体育','0','index','tiyu','index','1') [ RunTime:0.0355s ]

[ 2017-04-17T23:33:34+08:00 ] 127.0.0.1 /admin.php?c=menu
INFO: [ app_init ] --START--
INFO: Run Behavior\BuildLiteBehavior [ RunTime:0.000019s ]
INFO: [ app_init ] --END-- [ RunTime:0.000771s ]
INFO: [ app_begin ] --START--
INFO: Run Behavior\ReadHtmlCacheBehavior [ RunTime:0.001648s ]
INFO: [ app_begin ] --END-- [ RunTime:0.001749s ]
NOTIC: [8] Undefined index: p G:\webpage\shooping\Application\Admin\Controller\MenuController.class.php 第 10 行.
NOTIC: [8] Undefined index: pageSize G:\webpage\shooping\Application\Admin\Controller\MenuController.class.php 第 11 行.
SQL: SHOW COLUMNS FROM `cms_menu` [ RunTime:0.0073s ]
SQL: SELECT * FROM `cms_menu` WHERE `status` <> -1 ORDER BY menu_id desc LIMIT 0,3   [ RunTime:0.0005s ]
SQL: SELECT COUNT(*) AS tp_count FROM `cms_menu` WHERE `status` <> -1 LIMIT 1   [ RunTime:0.0003s ]
NOTIC: [8] Undefined variable: sing_path G:\webpage\shooping\ThinkPHP\Common\functions.php 第 991 行.
INFO: [ view_parse ] --START--
INFO: [ template_filter ] --START--
INFO: Run Behavior\ContentReplaceBehavior [ RunTime:0.000078s ]
INFO: [ template_filter ] --END-- [ RunTime:0.000140s ]
NOTIC: [8] Undefined variable: navs G:\webpage\shooping\Application\Runtime\Cache\Admin\b956215329b6f9aca22277599a4efdfc.php 第 80 行.
NOTIC: [8] Undefined variable: nav G:\webpage\shooping\Application\Runtime\Cache\Admin\b956215329b6f9aca22277599a4efdfc.php 第 102 行.
NOTIC: [8] Undefined variable: type G:\webpage\shooping\Application\Runtime\Cache\Admin\b956215329b6f9aca22277599a4efdfc.php 第 116 行.
NOTIC: [8] Undefined variable: type G:\webpage\shooping\Application\Runtime\Cache\Admin\b956215329b6f9aca22277599a4efdfc.php 第 117 行.
INFO: Run Behavior\ParseTemplateBehavior [ RunTime:0.016965s ]
INFO: [ view_parse ] --END-- [ RunTime:0.017029s ]
INFO: [ view_filter ] --START--
INFO: Run Behavior\WriteHtmlCacheBehavior [ RunTime:0.000674s ]
INFO: [ view_filter ] --END-- [ RunTime:0.000720s ]
INFO: [ app_end ] --START--
INFO: Run Behavior\ShowPageTraceBehavior [ RunTime:0.001236s ]
INFO: [ app_end ] --END-- [ RunTime:0.001301s ]

[ 2017-04-17T23:33:36+08:00 ] 127.0.0.1 /admin.php?m=Admin&c=Menu&a=index&p=2
INFO: [ app_init ] --START--
INFO: Run Behavior\BuildLiteBehavior [ RunTime:0.000019s ]
INFO: [ app_init ] --END-- [ RunTime:0.000697s ]
INFO: [ app_begin ] --START--
INFO: Run Behavior\ReadHtmlCacheBehavior [ RunTime:0.001106s ]
INFO: [ app_begin ] --END-- [ RunTime:0.001185s ]
NOTIC: [8] Undefined index: pageSize G:\webpage\shooping\Application\Admin\Controller\MenuController.class.php 第 11 行.
SQL: SHOW COLUMNS FROM `cms_menu` [ RunTime:0.0075s ]
SQL: SELECT * FROM `cms_menu` WHERE `status` <> -1 ORDER BY menu_id desc LIMIT 3,3   [ RunTime:0.0005s ]
SQL: SELECT COUNT(*) AS tp_count FROM `cms_menu` WHERE `status` <> -1 LIMIT 1   [ RunTime:0.0004s ]
NOTIC: [8] Undefined variable: sing_path G:\webpage\shooping\ThinkPHP\Common\functions.php 第 991 行.
INFO: [ view_parse ] --START--
INFO: [ template_filter ] --START--
INFO: Run Behavior\ContentReplaceBehavior [ RunTime:0.000077s ]
INFO: [ template_filter ] --END-- [ RunTime:0.000134s ]
NOTIC: [8] Undefined variable: navs G:\webpage\shooping\Application\Runtime\Cache\Admin\b956215329b6f9aca22277599a4efdfc.php 第 80 行.
NOTIC: [8] Undefined variable: nav G:\webpage\shooping\Application\Runtime\Cache\Admin\b956215329b6f9aca22277599a4efdfc.php 第 102 行.
NOTIC: [8] Undefined variable: type G:\webpage\shooping\Application\Runtime\Cache\Admin\b956215329b6f9aca22277599a4efdfc.php 第 116 行.
NOTIC: [8] Undefined variable: type G:\webpage\shooping\Application\Runtime\Cache\Admin\b956215329b6f9aca22277599a4efdfc.php 第 117 行.
INFO: Run Behavior\ParseTemplateBehavior [ RunTime:0.015502s ]
INFO: [ view_parse ] --END-- [ RunTime:0.015566s ]
INFO: [ view_filter ] --START--
INFO: Run Behavior\WriteHtmlCacheBehavior [ RunTime:0.000672s ]
INFO: [ view_filter ] --END-- [ RunTime:0.000718s ]
INFO: [ app_end ] --START--
INFO: Run Behavior\ShowPageTraceBehavior [ RunTime:0.001054s ]
INFO: [ app_end ] --END-- [ RunTime:0.001104s ]

[ 2017-04-17T23:33:38+08:00 ] 127.0.0.1 /admin.php?m=Admin&c=Menu&a=index&p=1
INFO: [ app_init ] --START--
INFO: Run Behavior\BuildLiteBehavior [ RunTime:0.000018s ]
INFO: [ app_init ] --END-- [ RunTime:0.000685s ]
INFO: [ app_begin ] --START--
INFO: Run Behavior\ReadHtmlCacheBehavior [ RunTime:0.001739s ]
INFO: [ app_begin ] --END-- [ RunTime:0.001866s ]
NOTIC: [8] Undefined index: pageSize G:\webpage\shooping\Application\Admin\Controller\MenuController.class.php 第 11 行.
SQL: SHOW COLUMNS FROM `cms_menu` [ RunTime:0.0074s ]
SQL: SELECT * FROM `cms_menu` WHERE `status` <> -1 ORDER BY menu_id desc LIMIT 0,3   [ RunTime:0.0006s ]
SQL: SELECT COUNT(*) AS tp_count FROM `cms_menu` WHERE `status` <> -1 LIMIT 1   [ RunTime:0.0004s ]
NOTIC: [8] Undefined variable: sing_path G:\webpage\shooping\ThinkPHP\Common\functions.php 第 991 行.
INFO: [ view_parse ] --START--
INFO: [ template_filter ] --START--
INFO: Run Behavior\ContentReplaceBehavior [ RunTime:0.000086s ]
INFO: [ template_filter ] --END-- [ RunTime:0.000141s ]
NOTIC: [8] Undefined variable: navs G:\webpage\shooping\Application\Runtime\Cache\Admin\b956215329b6f9aca22277599a4efdfc.php 第 80 行.
NOTIC: [8] Undefined variable: nav G:\webpage\shooping\Application\Runtime\Cache\Admin\b956215329b6f9aca22277599a4efdfc.php 第 102 行.
NOTIC: [8] Undefined variable: type G:\webpage\shooping\Application\Runtime\Cache\Admin\b956215329b6f9aca22277599a4efdfc.php 第 116 行.
NOTIC: [8] Undefined variable: type G:\webpage\shooping\Application\Runtime\Cache\Admin\b956215329b6f9aca22277599a4efdfc.php 第 117 行.
INFO: Run Behavior\ParseTemplateBehavior [ RunTime:0.015872s ]
INFO: [ view_parse ] --END-- [ RunTime:0.015939s ]
INFO: [ view_filter ] --START--
INFO: Run Behavior\WriteHtmlCacheBehavior [ RunTime:0.000686s ]
INFO: [ view_filter ] --END-- [ RunTime:0.000733s ]
INFO: [ app_end ] --START--
INFO: Run Behavior\ShowPageTraceBehavior [ RunTime:0.001130s ]
INFO: [ app_end ] --END-- [ RunTime:0.001202s ]

[ 2017-04-17T23:34:26+08:00 ] 127.0.0.1 /admin.php?c=menu
INFO: [ app_init ] --START--
INFO: Run Behavior\BuildLiteBehavior [ RunTime:0.000026s ]
INFO: [ app_init ] --END-- [ RunTime:0.000875s ]
INFO: [ app_begin ] --START--
INFO: Run Behavior\ReadHtmlCacheBehavior [ RunTime:0.001641s ]
INFO: [ app_begin ] --END-- [ RunTime:0.001743s ]
NOTIC: [8] Undefined index: p G:\webpage\shooping\Application\Admin\Controller\MenuController.class.php 第 10 行.
NOTIC: [8] Undefined index: pageSize G:\webpage\shooping\Application\Admin\Controller\MenuController.class.php 第 11 行.
SQL: SHOW COLUMNS FROM `cms_menu` [ RunTime:0.0091s ]
SQL: SELECT * FROM `cms_menu` WHERE `status` <> -1 ORDER BY menu_id desc LIMIT 0,3   [ RunTime:0.0009s ]
SQL: SELECT COUNT(*) AS tp_count FROM `cms_menu` WHERE `status` <> -1 LIMIT 1   [ RunTime:0.0032s ]
NOTIC: [8] Undefined variable: sing_path G:\webpage\shooping\ThinkPHP\Common\functions.php 第 991 行.
INFO: [ view_parse ] --START--
INFO: [ template_filter ] --START--
INFO: Run Behavior\ContentReplaceBehavior [ RunTime:0.000119s ]
INFO: [ template_filter ] --END-- [ RunTime:0.000210s ]
NOTIC: [8] Undefined variable: navs G:\webpage\shooping\Application\Runtime\Cache\Admin\b956215329b6f9aca22277599a4efdfc.php 第 80 行.
NOTIC: [8] Undefined variable: nav G:\webpage\shooping\Application\Runtime\Cache\Admin\b956215329b6f9aca22277599a4efdfc.php 第 102 行.
NOTIC: [8] Undefined variable: type G:\webpage\shooping\Application\Runtime\Cache\Admin\b956215329b6f9aca22277599a4efdfc.php 第 116 行.
NOTIC: [8] Undefined variable: type G:\webpage\shooping\Application\Runtime\Cache\Admin\b956215329b6f9aca22277599a4efdfc.php 第 117 行.
INFO: Run Behavior\ParseTemplateBehavior [ RunTime:0.024233s ]
INFO: [ view_parse ] --END-- [ RunTime:0.024320s ]
INFO: [ view_filter ] --START--
INFO: Run Behavior\WriteHtmlCacheBehavior [ RunTime:0.000824s ]
INFO: [ view_filter ] --END-- [ RunTime:0.000895s ]
INFO: [ app_end ] --START--
INFO: Run Behavior\ShowPageTraceBehavior [ RunTime:0.001830s ]
INFO: [ app_end ] --END-- [ RunTime:0.001937s ]

[ 2017-04-17T23:34:28+08:00 ] 127.0.0.1 /admin.php?c=menu
INFO: [ app_init ] --START--
INFO: Run Behavior\BuildLiteBehavior [ RunTime:0.000020s ]
INFO: [ app_init ] --END-- [ RunTime:0.000681s ]
INFO: [ app_begin ] --START--
INFO: Run Behavior\ReadHtmlCacheBehavior [ RunTime:0.001038s ]
INFO: [ app_begin ] --END-- [ RunTime:0.001128s ]
NOTIC: [8] Undefined index: p G:\webpage\shooping\Application\Admin\Controller\MenuController.class.php 第 10 行.
NOTIC: [8] Undefined index: pageSize G:\webpage\shooping\Application\Admin\Controller\MenuController.class.php 第 11 行.
SQL: SHOW COLUMNS FROM `cms_menu` [ RunTime:0.0126s ]
SQL: SELECT * FROM `cms_menu` WHERE `status` <> -1 ORDER BY menu_id desc LIMIT 0,3   [ RunTime:0.0007s ]
SQL: SELECT COUNT(*) AS tp_count FROM `cms_menu` WHERE `status` <> -1 LIMIT 1   [ RunTime:0.0006s ]
NOTIC: [8] Undefined variable: sing_path G:\webpage\shooping\ThinkPHP\Common\functions.php 第 991 行.
INFO: [ view_parse ] --START--
INFO: [ template_filter ] --START--
INFO: Run Behavior\ContentReplaceBehavior [ RunTime:0.000117s ]
INFO: [ template_filter ] --END-- [ RunTime:0.000213s ]
NOTIC: [8] Undefined variable: navs G:\webpage\shooping\Application\Runtime\Cache\Admin\b956215329b6f9aca22277599a4efdfc.php 第 80 行.
NOTIC: [8] Undefined variable: nav G:\webpage\shooping\Application\Runtime\Cache\Admin\b956215329b6f9aca22277599a4efdfc.php 第 102 行.
NOTIC: [8] Undefined variable: type G:\webpage\shooping\Application\Runtime\Cache\Admin\b956215329b6f9aca22277599a4efdfc.php 第 116 行.
NOTIC: [8] Undefined variable: type G:\webpage\shooping\Application\Runtime\Cache\Admin\b956215329b6f9aca22277599a4efdfc.php 第 117 行.
INFO: Run Behavior\ParseTemplateBehavior [ RunTime:0.024528s ]
INFO: [ view_parse ] --END-- [ RunTime:0.024627s ]
INFO: [ view_filter ] --START--
INFO: Run Behavior\WriteHtmlCacheBehavior [ RunTime:0.002685s ]
INFO: [ view_filter ] --END-- [ RunTime:0.002789s ]
INFO: [ app_end ] --START--
INFO: Run Behavior\ShowPageTraceBehavior [ RunTime:0.001913s ]
INFO: [ app_end ] --END-- [ RunTime:0.002038s ]

[ 2017-04-17T23:35:05+08:00 ] 127.0.0.1 /admin.php?c=menu
INFO: [ app_init ] --START--
INFO: Run Behavior\BuildLiteBehavior [ RunTime:0.000018s ]
INFO: [ app_init ] --END-- [ RunTime:0.000653s ]
INFO: [ app_begin ] --START--
INFO: Run Behavior\ReadHtmlCacheBehavior [ RunTime:0.000979s ]
INFO: [ app_begin ] --END-- [ RunTime:0.001060s ]
NOTIC: [8] Undefined index: p G:\webpage\shooping\Application\Admin\Controller\MenuController.class.php 第 10 行.
NOTIC: [8] Undefined index: pageSize G:\webpage\shooping\Application\Admin\Controller\MenuController.class.php 第 11 行.
SQL: SHOW COLUMNS FROM `cms_menu` [ RunTime:0.0090s ]
SQL: SELECT * FROM `cms_menu` WHERE `status` <> -1 ORDER BY menu_id desc LIMIT 0,3   [ RunTime:0.0005s ]
SQL: SELECT COUNT(*) AS tp_count FROM `cms_menu` WHERE `status` <> -1 LIMIT 1   [ RunTime:0.0003s ]
NOTIC: [8] Undefined variable: sing_path G:\webpage\shooping\ThinkPHP\Common\functions.php 第 991 行.
INFO: [ view_parse ] --START--
INFO: [ template_filter ] --START--
INFO: Run Behavior\ContentReplaceBehavior [ RunTime:0.000079s ]
INFO: [ template_filter ] --END-- [ RunTime:0.000153s ]
NOTIC: [8] Undefined variable: navs G:\webpage\shooping\Application\Runtime\Cache\Admin\b956215329b6f9aca22277599a4efdfc.php 第 80 行.
NOTIC: [8] Undefined variable: nav G:\webpage\shooping\Application\Runtime\Cache\Admin\b956215329b6f9aca22277599a4efdfc.php 第 102 行.
NOTIC: [8] Undefined variable: type G:\webpage\shooping\Application\Runtime\Cache\Admin\b956215329b6f9aca22277599a4efdfc.php 第 116 行.
NOTIC: [8] Undefined variable: type G:\webpage\shooping\Application\Runtime\Cache\Admin\b956215329b6f9aca22277599a4efdfc.php 第 117 行.
INFO: Run Behavior\ParseTemplateBehavior [ RunTime:0.015570s ]
INFO: [ view_parse ] --END-- [ RunTime:0.015634s ]
INFO: [ view_filter ] --START--
INFO: Run Behavior\WriteHtmlCacheBehavior [ RunTime:0.000598s ]
INFO: [ view_filter ] --END-- [ RunTime:0.000646s ]
INFO: [ app_end ] --START--
INFO: Run Behavior\ShowPageTraceBehavior [ RunTime:0.001516s ]
INFO: [ app_end ] --END-- [ RunTime:0.001628s ]

[ 2017-04-17T23:35:06+08:00 ] 127.0.0.1 /admin.php?c=menu
INFO: [ app_init ] --START--
INFO: Run Behavior\BuildLiteBehavior [ RunTime:0.000024s ]
INFO: [ app_init ] --END-- [ RunTime:0.000835s ]
INFO: [ app_begin ] --START--
INFO: Run Behavior\ReadHtmlCacheBehavior [ RunTime:0.001041s ]
INFO: [ app_begin ] --END-- [ RunTime:0.001125s ]
NOTIC: [8] Undefined index: p G:\webpage\shooping\Application\Admin\Controller\MenuController.class.php 第 10 行.
NOTIC: [8] Undefined index: pageSize G:\webpage\shooping\Application\Admin\Controller\MenuController.class.php 第 11 行.
SQL: SHOW COLUMNS FROM `cms_menu` [ RunTime:0.0100s ]
SQL: SELECT * FROM `cms_menu` WHERE `status` <> -1 ORDER BY menu_id desc LIMIT 0,3   [ RunTime:0.0010s ]
SQL: SELECT COUNT(*) AS tp_count FROM `cms_menu` WHERE `status` <> -1 LIMIT 1   [ RunTime:0.0005s ]
NOTIC: [8] Undefined variable: sing_path G:\webpage\shooping\ThinkPHP\Common\functions.php 第 991 行.
INFO: [ view_parse ] --START--
INFO: [ template_filter ] --START--
INFO: Run Behavior\ContentReplaceBehavior [ RunTime:0.000080s ]
INFO: [ template_filter ] --END-- [ RunTime:0.000143s ]
NOTIC: [8] Undefined variable: navs G:\webpage\shooping\Application\Runtime\Cache\Admin\b956215329b6f9aca22277599a4efdfc.php 第 80 行.
NOTIC: [8] Undefined variable: nav G:\webpage\shooping\Application\Runtime\Cache\Admin\b956215329b6f9aca22277599a4efdfc.php 第 102 行.
NOTIC: [8] Undefined variable: type G:\webpage\shooping\Application\Runtime\Cache\Admin\b956215329b6f9aca22277599a4efdfc.php 第 116 行.
NOTIC: [8] Undefined variable: type G:\webpage\shooping\Application\Runtime\Cache\Admin\b956215329b6f9aca22277599a4efdfc.php 第 117 行.
INFO: Run Behavior\ParseTemplateBehavior [ RunTime:0.016210s ]
INFO: [ view_parse ] --END-- [ RunTime:0.016276s ]
INFO: [ view_filter ] --START--
INFO: Run Behavior\WriteHtmlCacheBehavior [ RunTime:0.000608s ]
INFO: [ view_filter ] --END-- [ RunTime:0.000655s ]
INFO: [ app_end ] --START--
INFO: Run Behavior\ShowPageTraceBehavior [ RunTime:0.001516s ]
INFO: [ app_end ] --END-- [ RunTime:0.001617s ]

[ 2017-04-17T23:42:08+08:00 ] 127.0.0.1 /admin.php?c=menu
INFO: [ app_init ] --START--
INFO: Run Behavior\BuildLiteBehavior [ RunTime:0.000021s ]
INFO: [ app_init ] --END-- [ RunTime:0.000843s ]
INFO: [ app_begin ] --START--
INFO: Run Behavior\ReadHtmlCacheBehavior [ RunTime:0.014013s ]
INFO: [ app_begin ] --END-- [ RunTime:0.014089s ]
NOTIC: [8] Undefined index: p G:\webpage\shooping\Application\Admin\Controller\MenuController.class.php 第 17 行.
NOTIC: [8] Undefined index: pageSize G:\webpage\shooping\Application\Admin\Controller\MenuController.class.php 第 18 行.
SQL: SHOW COLUMNS FROM `cms_menu` [ RunTime:0.0117s ]
SQL: SELECT * FROM `cms_menu` WHERE `status` <> -1 ORDER BY menu_id desc LIMIT 0,3   [ RunTime:0.0006s ]
SQL: SELECT COUNT(*) AS tp_count FROM `cms_menu` WHERE `status` <> -1 LIMIT 1   [ RunTime:0.0007s ]
NOTIC: [8] Undefined variable: sing_path G:\webpage\shooping\ThinkPHP\Common\functions.php 第 991 行.
INFO: [ view_parse ] --START--
INFO: [ template_filter ] --START--
INFO: Run Behavior\ContentReplaceBehavior [ RunTime:0.000120s ]
INFO: [ template_filter ] --END-- [ RunTime:0.000211s ]
NOTIC: [8] Undefined variable: navs G:\webpage\shooping\Application\Runtime\Cache\Admin\b956215329b6f9aca22277599a4efdfc.php 第 80 行.
NOTIC: [8] Undefined variable: nav G:\webpage\shooping\Application\Runtime\Cache\Admin\b956215329b6f9aca22277599a4efdfc.php 第 102 行.
INFO: Run Behavior\ParseTemplateBehavior [ RunTime:0.047001s ]
INFO: [ view_parse ] --END-- [ RunTime:0.047060s ]
INFO: [ view_filter ] --START--
INFO: Run Behavior\WriteHtmlCacheBehavior [ RunTime:0.000802s ]
INFO: [ view_filter ] --END-- [ RunTime:0.000851s ]
INFO: [ app_end ] --START--
INFO: Run Behavior\ShowPageTraceBehavior [ RunTime:0.001736s ]
INFO: [ app_end ] --END-- [ RunTime:0.001827s ]

[ 2017-04-17T23:42:17+08:00 ] 127.0.0.1 /admin.php?type=1&c=menu&a=index
INFO: [ app_init ] --START--
INFO: Run Behavior\BuildLiteBehavior [ RunTime:0.000029s ]
INFO: [ app_init ] --END-- [ RunTime:0.000901s ]
INFO: [ app_begin ] --START--
INFO: Run Behavior\ReadHtmlCacheBehavior [ RunTime:0.001492s ]
INFO: [ app_begin ] --END-- [ RunTime:0.001599s ]
NOTIC: [8] Undefined index: p G:\webpage\shooping\Application\Admin\Controller\MenuController.class.php 第 17 行.
NOTIC: [8] Undefined index: pageSize G:\webpage\shooping\Application\Admin\Controller\MenuController.class.php 第 18 行.
SQL: SHOW COLUMNS FROM `cms_menu` [ RunTime:0.0085s ]
SQL: SELECT * FROM `cms_menu` WHERE `type` = 1 AND `status` <> -1 ORDER BY menu_id desc LIMIT 0,3   [ RunTime:0.0253s ]
SQL: SELECT COUNT(*) AS tp_count FROM `cms_menu` WHERE `type` = 1 AND `status` <> -1 LIMIT 1   [ RunTime:0.0004s ]
NOTIC: [8] Undefined variable: sing_path G:\webpage\shooping\ThinkPHP\Common\functions.php 第 991 行.
INFO: [ view_parse ] --START--
INFO: [ template_filter ] --START--
INFO: Run Behavior\ContentReplaceBehavior [ RunTime:0.000077s ]
INFO: [ template_filter ] --END-- [ RunTime:0.000136s ]
NOTIC: [8] Undefined variable: navs G:\webpage\shooping\Application\Runtime\Cache\Admin\b956215329b6f9aca22277599a4efdfc.php 第 80 行.
NOTIC: [8] Undefined variable: nav G:\webpage\shooping\Application\Runtime\Cache\Admin\b956215329b6f9aca22277599a4efdfc.php 第 102 行.
INFO: Run Behavior\ParseTemplateBehavior [ RunTime:0.017495s ]
INFO: [ view_parse ] --END-- [ RunTime:0.017558s ]
INFO: [ view_filter ] --START--
INFO: Run Behavior\WriteHtmlCacheBehavior [ RunTime:0.000731s ]
INFO: [ view_filter ] --END-- [ RunTime:0.000793s ]
INFO: [ app_end ] --START--
INFO: Run Behavior\ShowPageTraceBehavior [ RunTime:0.001177s ]
INFO: [ app_end ] --END-- [ RunTime:0.001266s ]

[ 2017-04-17T23:42:22+08:00 ] 127.0.0.1 /admin.php?type=0&c=menu&a=index
INFO: [ app_init ] --START--
INFO: Run Behavior\BuildLiteBehavior [ RunTime:0.000028s ]
INFO: [ app_init ] --END-- [ RunTime:0.000980s ]
INFO: [ app_begin ] --START--
INFO: Run Behavior\ReadHtmlCacheBehavior [ RunTime:0.001052s ]
INFO: [ app_begin ] --END-- [ RunTime:0.001135s ]
NOTIC: [8] Undefined index: p G:\webpage\shooping\Application\Admin\Controller\MenuController.class.php 第 17 行.
NOTIC: [8] Undefined index: pageSize G:\webpage\shooping\Application\Admin\Controller\MenuController.class.php 第 18 行.
SQL: SHOW COLUMNS FROM `cms_menu` [ RunTime:0.0121s ]
SQL: SELECT * FROM `cms_menu` WHERE `type` = 0 AND `status` <> -1 ORDER BY menu_id desc LIMIT 0,3   [ RunTime:0.0006s ]
SQL: SELECT COUNT(*) AS tp_count FROM `cms_menu` WHERE `type` = 0 AND `status` <> -1 LIMIT 1   [ RunTime:0.0004s ]
NOTIC: [8] Undefined variable: sing_path G:\webpage\shooping\ThinkPHP\Common\functions.php 第 991 行.
INFO: [ view_parse ] --START--
INFO: [ template_filter ] --START--
INFO: Run Behavior\ContentReplaceBehavior [ RunTime:0.000077s ]
INFO: [ template_filter ] --END-- [ RunTime:0.000148s ]
NOTIC: [8] Undefined variable: navs G:\webpage\shooping\Application\Runtime\Cache\Admin\b956215329b6f9aca22277599a4efdfc.php 第 80 行.
NOTIC: [8] Undefined variable: nav G:\webpage\shooping\Application\Runtime\Cache\Admin\b956215329b6f9aca22277599a4efdfc.php 第 102 行.
INFO: Run Behavior\ParseTemplateBehavior [ RunTime:0.015688s ]
INFO: [ view_parse ] --END-- [ RunTime:0.015751s ]
INFO: [ view_filter ] --START--
INFO: Run Behavior\WriteHtmlCacheBehavior [ RunTime:0.000591s ]
INFO: [ view_filter ] --END-- [ RunTime:0.000639s ]
INFO: [ app_end ] --START--
INFO: Run Behavior\ShowPageTraceBehavior [ RunTime:0.000970s ]
INFO: [ app_end ] --END-- [ RunTime:0.001021s ]

[ 2017-04-17T23:42:27+08:00 ] 127.0.0.1 /admin.php?c=menu
INFO: [ app_init ] --START--
INFO: Run Behavior\BuildLiteBehavior [ RunTime:0.000019s ]
INFO: [ app_init ] --END-- [ RunTime:0.000618s ]
INFO: [ app_begin ] --START--
INFO: Run Behavior\ReadHtmlCacheBehavior [ RunTime:0.001075s ]
INFO: [ app_begin ] --END-- [ RunTime:0.001139s ]
NOTIC: [8] Undefined index: p G:\webpage\shooping\Application\Admin\Controller\MenuController.class.php 第 17 行.
NOTIC: [8] Undefined index: pageSize G:\webpage\shooping\Application\Admin\Controller\MenuController.class.php 第 18 行.
SQL: SHOW COLUMNS FROM `cms_menu` [ RunTime:0.0077s ]
SQL: SELECT * FROM `cms_menu` WHERE `status` <> -1 ORDER BY menu_id desc LIMIT 0,3   [ RunTime:0.0006s ]
SQL: SELECT COUNT(*) AS tp_count FROM `cms_menu` WHERE `status` <> -1 LIMIT 1   [ RunTime:0.0003s ]
NOTIC: [8] Undefined variable: sing_path G:\webpage\shooping\ThinkPHP\Common\functions.php 第 991 行.
INFO: [ view_parse ] --START--
INFO: [ template_filter ] --START--
INFO: Run Behavior\ContentReplaceBehavior [ RunTime:0.000086s ]
INFO: [ template_filter ] --END-- [ RunTime:0.000146s ]
NOTIC: [8] Undefined variable: navs G:\webpage\shooping\Application\Runtime\Cache\Admin\b956215329b6f9aca22277599a4efdfc.php 第 80 行.
NOTIC: [8] Undefined variable: nav G:\webpage\shooping\Application\Runtime\Cache\Admin\b956215329b6f9aca22277599a4efdfc.php 第 102 行.
INFO: Run Behavior\ParseTemplateBehavior [ RunTime:0.015583s ]
INFO: [ view_parse ] --END-- [ RunTime:0.015642s ]
INFO: [ view_filter ] --START--
INFO: Run Behavior\WriteHtmlCacheBehavior [ RunTime:0.000618s ]
INFO: [ view_filter ] --END-- [ RunTime:0.000665s ]
INFO: [ app_end ] --START--
INFO: Run Behavior\ShowPageTraceBehavior [ RunTime:0.001517s ]
INFO: [ app_end ] --END-- [ RunTime:0.001605s ]

[ 2017-04-17T23:42:33+08:00 ] 127.0.0.1 /admin.php?type=1&c=menu&a=index
INFO: [ app_init ] --START--
INFO: Run Behavior\BuildLiteBehavior [ RunTime:0.000026s ]
INFO: [ app_init ] --END-- [ RunTime:0.000935s ]
INFO: [ app_begin ] --START--
INFO: Run Behavior\ReadHtmlCacheBehavior [ RunTime:0.001794s ]
INFO: [ app_begin ] --END-- [ RunTime:0.002005s ]
NOTIC: [8] Undefined index: p G:\webpage\shooping\Application\Admin\Controller\MenuController.class.php 第 17 行.
NOTIC: [8] Undefined index: pageSize G:\webpage\shooping\Application\Admin\Controller\MenuController.class.php 第 18 行.
SQL: SHOW COLUMNS FROM `cms_menu` [ RunTime:0.0080s ]
SQL: SELECT * FROM `cms_menu` WHERE `type` = 1 AND `status` <> -1 ORDER BY menu_id desc LIMIT 0,3   [ RunTime:0.0005s ]
SQL: SELECT COUNT(*) AS tp_count FROM `cms_menu` WHERE `type` = 1 AND `status` <> -1 LIMIT 1   [ RunTime:0.0003s ]
NOTIC: [8] Undefined variable: sing_path G:\webpage\shooping\ThinkPHP\Common\functions.php 第 991 行.
INFO: [ view_parse ] --START--
INFO: [ template_filter ] --START--
INFO: Run Behavior\ContentReplaceBehavior [ RunTime:0.000079s ]
INFO: [ template_filter ] --END-- [ RunTime:0.000138s ]
NOTIC: [8] Undefined variable: navs G:\webpage\shooping\Application\Runtime\Cache\Admin\b956215329b6f9aca22277599a4efdfc.php 第 80 行.
NOTIC: [8] Undefined variable: nav G:\webpage\shooping\Application\Runtime\Cache\Admin\b956215329b6f9aca22277599a4efdfc.php 第 102 行.
INFO: Run Behavior\ParseTemplateBehavior [ RunTime:0.015256s ]
INFO: [ view_parse ] --END-- [ RunTime:0.015311s ]
INFO: [ view_filter ] --START--
INFO: Run Behavior\WriteHtmlCacheBehavior [ RunTime:0.000634s ]
INFO: [ view_filter ] --END-- [ RunTime:0.000683s ]
INFO: [ app_end ] --START--
INFO: Run Behavior\ShowPageTraceBehavior [ RunTime:0.001511s ]
INFO: [ app_end ] --END-- [ RunTime:0.001602s ]

[ 2017-04-17T23:42:37+08:00 ] 127.0.0.1 /admin.php?type=0&c=menu&a=index
INFO: [ app_init ] --START--
INFO: Run Behavior\BuildLiteBehavior [ RunTime:0.000029s ]
INFO: [ app_init ] --END-- [ RunTime:0.000945s ]
INFO: [ app_begin ] --START--
INFO: Run Behavior\ReadHtmlCacheBehavior [ RunTime:0.001613s ]
INFO: [ app_begin ] --END-- [ RunTime:0.001730s ]
NOTIC: [8] Undefined index: p G:\webpage\shooping\Application\Admin\Controller\MenuController.class.php 第 17 行.
NOTIC: [8] Undefined index: pageSize G:\webpage\shooping\Application\Admin\Controller\MenuController.class.php 第 18 行.
SQL: SHOW COLUMNS FROM `cms_menu` [ RunTime:0.0085s ]
SQL: SELECT * FROM `cms_menu` WHERE `type` = 0 AND `status` <> -1 ORDER BY menu_id desc LIMIT 0,3   [ RunTime:0.0005s ]
SQL: SELECT COUNT(*) AS tp_count FROM `cms_menu` WHERE `type` = 0 AND `status` <> -1 LIMIT 1   [ RunTime:0.0003s ]
NOTIC: [8] Undefined variable: sing_path G:\webpage\shooping\ThinkPHP\Common\functions.php 第 991 行.
INFO: [ view_parse ] --START--
INFO: [ template_filter ] --START--
INFO: Run Behavior\ContentReplaceBehavior [ RunTime:0.000080s ]
INFO: [ template_filter ] --END-- [ RunTime:0.000144s ]
NOTIC: [8] Undefined variable: navs G:\webpage\shooping\Application\Runtime\Cache\Admin\b956215329b6f9aca22277599a4efdfc.php 第 80 行.
NOTIC: [8] Undefined variable: nav G:\webpage\shooping\Application\Runtime\Cache\Admin\b956215329b6f9aca22277599a4efdfc.php 第 102 行.
INFO: Run Behavior\ParseTemplateBehavior [ RunTime:0.015511s ]
INFO: [ view_parse ] --END-- [ RunTime:0.015578s ]
INFO: [ view_filter ] --START--
INFO: Run Behavior\WriteHtmlCacheBehavior [ RunTime:0.000617s ]
INFO: [ view_filter ] --END-- [ RunTime:0.000665s ]
INFO: [ app_end ] --START--
INFO: Run Behavior\ShowPageTraceBehavior [ RunTime:0.000991s ]
INFO: [ app_end ] --END-- [ RunTime:0.001042s ]

[ 2017-04-17T23:46:12+08:00 ] 127.0.0.1 /admin.php?c=menu
INFO: [ app_init ] --START--
INFO: Run Behavior\BuildLiteBehavior [ RunTime:0.000020s ]
INFO: [ app_init ] --END-- [ RunTime:0.000696s ]
INFO: [ app_begin ] --START--
INFO: Run Behavior\ReadHtmlCacheBehavior [ RunTime:0.001007s ]
INFO: [ app_begin ] --END-- [ RunTime:0.001080s ]
NOTIC: [8] Undefined index: p G:\webpage\shooping\Application\Admin\Controller\MenuController.class.php 第 17 行.
NOTIC: [8] Undefined index: pageSize G:\webpage\shooping\Application\Admin\Controller\MenuController.class.php 第 18 行.
SQL: SHOW COLUMNS FROM `cms_menu` [ RunTime:0.0118s ]
SQL: SELECT * FROM `cms_menu` WHERE `status` <> -1 ORDER BY menu_id desc LIMIT 0,3   [ RunTime:0.0007s ]
SQL: SELECT COUNT(*) AS tp_count FROM `cms_menu` WHERE `status` <> -1 LIMIT 1   [ RunTime:0.0004s ]
NOTIC: [8] Undefined variable: sing_path G:\webpage\shooping\ThinkPHP\Common\functions.php 第 991 行.
INFO: [ view_parse ] --START--
INFO: [ template_filter ] --START--
INFO: Run Behavior\ContentReplaceBehavior [ RunTime:0.000080s ]
INFO: [ template_filter ] --END-- [ RunTime:0.000140s ]
NOTIC: [8] Undefined variable: navs G:\webpage\shooping\Application\Runtime\Cache\Admin\b956215329b6f9aca22277599a4efdfc.php 第 80 行.
NOTIC: [8] Undefined variable: nav G:\webpage\shooping\Application\Runtime\Cache\Admin\b956215329b6f9aca22277599a4efdfc.php 第 102 行.
INFO: Run Behavior\ParseTemplateBehavior [ RunTime:0.016893s ]
INFO: [ view_parse ] --END-- [ RunTime:0.016961s ]
INFO: [ view_filter ] --START--
INFO: Run Behavior\WriteHtmlCacheBehavior [ RunTime:0.000602s ]
INFO: [ view_filter ] --END-- [ RunTime:0.000649s ]
INFO: [ app_end ] --START--
INFO: Run Behavior\ShowPageTraceBehavior [ RunTime:0.001025s ]
INFO: [ app_end ] --END-- [ RunTime:0.001087s ]

[ 2017-04-17T23:52:29+08:00 ] 127.0.0.1 /admin.php?c=menu
INFO: [ app_init ] --START--
INFO: Run Behavior\BuildLiteBehavior [ RunTime:0.000025s ]
INFO: [ app_init ] --END-- [ RunTime:0.000651s ]
INFO: [ app_begin ] --START--
INFO: Run Behavior\ReadHtmlCacheBehavior [ RunTime:0.000973s ]
INFO: [ app_begin ] --END-- [ RunTime:0.001043s ]
NOTIC: [8] Undefined index: p G:\webpage\shooping\Application\Admin\Controller\MenuController.class.php 第 17 行.
NOTIC: [8] Undefined index: pageSize G:\webpage\shooping\Application\Admin\Controller\MenuController.class.php 第 18 行.
SQL: SHOW COLUMNS FROM `cms_menu` [ RunTime:0.0123s ]
SQL: SELECT * FROM `cms_menu` WHERE `status` <> -1 ORDER BY menu_id desc LIMIT 0,3   [ RunTime:0.0006s ]
SQL: SELECT COUNT(*) AS tp_count FROM `cms_menu` WHERE `status` <> -1 LIMIT 1   [ RunTime:0.0003s ]
NOTIC: [8] Undefined variable: sing_path G:\webpage\shooping\ThinkPHP\Common\functions.php 第 991 行.
INFO: [ view_parse ] --START--
INFO: [ template_filter ] --START--
INFO: Run Behavior\ContentReplaceBehavior [ RunTime:0.000079s ]
INFO: [ template_filter ] --END-- [ RunTime:0.000140s ]
NOTIC: [8] Undefined variable: navs G:\webpage\shooping\Application\Runtime\Cache\Admin\b956215329b6f9aca22277599a4efdfc.php 第 80 行.
NOTIC: [8] Undefined variable: nav G:\webpage\shooping\Application\Runtime\Cache\Admin\b956215329b6f9aca22277599a4efdfc.php 第 102 行.
INFO: Run Behavior\ParseTemplateBehavior [ RunTime:0.016692s ]
INFO: [ view_parse ] --END-- [ RunTime:0.016748s ]
INFO: [ view_filter ] --START--
INFO: Run Behavior\WriteHtmlCacheBehavior [ RunTime:0.000792s ]
INFO: [ view_filter ] --END-- [ RunTime:0.000840s ]
INFO: [ app_end ] --START--
INFO: Run Behavior\ShowPageTraceBehavior [ RunTime:0.001528s ]
INFO: [ app_end ] --END-- [ RunTime:0.001615s ]

[ 2017-04-17T23:52:31+08:00 ] 127.0.0.1 /admin.php?c=menu
INFO: [ app_init ] --START--
INFO: Run Behavior\BuildLiteBehavior [ RunTime:0.000018s ]
INFO: [ app_init ] --END-- [ RunTime:0.000593s ]
INFO: [ app_begin ] --START--
INFO: Run Behavior\ReadHtmlCacheBehavior [ RunTime:0.000942s ]
INFO: [ app_begin ] --END-- [ RunTime:0.001005s ]
NOTIC: [8] Undefined index: p G:\webpage\shooping\Application\Admin\Controller\MenuController.class.php 第 17 行.
NOTIC: [8] Undefined index: pageSize G:\webpage\shooping\Application\Admin\Controller\MenuController.class.php 第 18 行.
SQL: SHOW COLUMNS FROM `cms_menu` [ RunTime:0.0088s ]
SQL: SELECT * FROM `cms_menu` WHERE `status` <> -1 ORDER BY menu_id desc LIMIT 0,3   [ RunTime:0.0005s ]
SQL: SELECT COUNT(*) AS tp_count FROM `cms_menu` WHERE `status` <> -1 LIMIT 1   [ RunTime:0.0003s ]
NOTIC: [8] Undefined variable: sing_path G:\webpage\shooping\ThinkPHP\Common\functions.php 第 991 行.
INFO: [ view_parse ] --START--
INFO: [ template_filter ] --START--
INFO: Run Behavior\ContentReplaceBehavior [ RunTime:0.000118s ]
INFO: [ template_filter ] --END-- [ RunTime:0.000205s ]
NOTIC: [8] Undefined variable: navs G:\webpage\shooping\Application\Runtime\Cache\Admin\b956215329b6f9aca22277599a4efdfc.php 第 80 行.
NOTIC: [8] Undefined variable: nav G:\webpage\shooping\Application\Runtime\Cache\Admin\b956215329b6f9aca22277599a4efdfc.php 第 102 行.
INFO: Run Behavior\ParseTemplateBehavior [ RunTime:0.016363s ]
INFO: [ view_parse ] --END-- [ RunTime:0.016429s ]
INFO: [ view_filter ] --START--
INFO: Run Behavior\WriteHtmlCacheBehavior [ RunTime:0.000796s ]
INFO: [ view_filter ] --END-- [ RunTime:0.000864s ]
INFO: [ app_end ] --START--
INFO: Run Behavior\ShowPageTraceBehavior [ RunTime:0.001758s ]
INFO: [ app_end ] --END-- [ RunTime:0.001862s ]

[ 2017-04-17T23:52:55+08:00 ] 127.0.0.1 /admin.php?c=menu
INFO: [ app_init ] --START--
INFO: Run Behavior\BuildLiteBehavior [ RunTime:0.000025s ]
INFO: [ app_init ] --END-- [ RunTime:0.000803s ]
INFO: [ app_begin ] --START--
INFO: Run Behavior\ReadHtmlCacheBehavior [ RunTime:0.002087s ]
INFO: [ app_begin ] --END-- [ RunTime:0.002197s ]
NOTIC: [8] Undefined index: p G:\webpage\shooping\Application\Admin\Controller\MenuController.class.php 第 17 行.
NOTIC: [8] Undefined index: pageSize G:\webpage\shooping\Application\Admin\Controller\MenuController.class.php 第 18 行.
SQL: SHOW COLUMNS FROM `cms_menu` [ RunTime:0.0114s ]
SQL: SELECT * FROM `cms_menu` WHERE `status` <> -1 ORDER BY menu_id desc LIMIT 0,3   [ RunTime:0.0034s ]
SQL: SELECT COUNT(*) AS tp_count FROM `cms_menu` WHERE `status` <> -1 LIMIT 1   [ RunTime:0.0006s ]
NOTIC: [8] Undefined variable: sing_path G:\webpage\shooping\ThinkPHP\Common\functions.php 第 991 行.
INFO: [ view_parse ] --START--
INFO: [ template_filter ] --START--
INFO: Run Behavior\ContentReplaceBehavior [ RunTime:0.000123s ]
INFO: [ template_filter ] --END-- [ RunTime:0.000221s ]
NOTIC: [8] Undefined variable: navs G:\webpage\shooping\Application\Runtime\Cache\Admin\b956215329b6f9aca22277599a4efdfc.php 第 80 行.
NOTIC: [8] Undefined variable: nav G:\webpage\shooping\Application\Runtime\Cache\Admin\b956215329b6f9aca22277599a4efdfc.php 第 102 行.
INFO: Run Behavior\ParseTemplateBehavior [ RunTime:0.024091s ]
INFO: [ view_parse ] --END-- [ RunTime:0.024202s ]
INFO: [ view_filter ] --START--
INFO: Run Behavior\WriteHtmlCacheBehavior [ RunTime:0.001111s ]
INFO: [ view_filter ] --END-- [ RunTime:0.001195s ]
INFO: [ app_end ] --START--
INFO: Run Behavior\ShowPageTraceBehavior [ RunTime:0.002740s ]
INFO: [ app_end ] --END-- [ RunTime:0.002948s ]

[ 2017-04-17T23:52:57+08:00 ] 127.0.0.1 /admin.php?c=menu
INFO: [ app_init ] --START--
INFO: Run Behavior\BuildLiteBehavior [ RunTime:0.000018s ]
INFO: [ app_init ] --END-- [ RunTime:0.000601s ]
INFO: [ app_begin ] --START--
INFO: Run Behavior\ReadHtmlCacheBehavior [ RunTime:0.001175s ]
INFO: [ app_begin ] --END-- [ RunTime:0.001277s ]
NOTIC: [8] Undefined index: p G:\webpage\shooping\Application\Admin\Controller\MenuController.class.php 第 17 行.
NOTIC: [8] Undefined index: pageSize G:\webpage\shooping\Application\Admin\Controller\MenuController.class.php 第 18 行.
SQL: SHOW COLUMNS FROM `cms_menu` [ RunTime:0.0082s ]
SQL: SELECT * FROM `cms_menu` WHERE `status` <> -1 ORDER BY menu_id desc LIMIT 0,3   [ RunTime:0.0005s ]
SQL: SELECT COUNT(*) AS tp_count FROM `cms_menu` WHERE `status` <> -1 LIMIT 1   [ RunTime:0.0003s ]
NOTIC: [8] Undefined variable: sing_path G:\webpage\shooping\ThinkPHP\Common\functions.php 第 991 行.
INFO: [ view_parse ] --START--
INFO: [ template_filter ] --START--
INFO: Run Behavior\ContentReplaceBehavior [ RunTime:0.000078s ]
INFO: [ template_filter ] --END-- [ RunTime:0.000137s ]
NOTIC: [8] Undefined variable: navs G:\webpage\shooping\Application\Runtime\Cache\Admin\b956215329b6f9aca22277599a4efdfc.php 第 80 行.
NOTIC: [8] Undefined variable: nav G:\webpage\shooping\Application\Runtime\Cache\Admin\b956215329b6f9aca22277599a4efdfc.php 第 102 行.
INFO: Run Behavior\ParseTemplateBehavior [ RunTime:0.015158s ]
INFO: [ view_parse ] --END-- [ RunTime:0.015229s ]
INFO: [ view_filter ] --START--
INFO: Run Behavior\WriteHtmlCacheBehavior [ RunTime:0.000886s ]
INFO: [ view_filter ] --END-- [ RunTime:0.000948s ]
INFO: [ app_end ] --START--
INFO: Run Behavior\ShowPageTraceBehavior [ RunTime:0.001569s ]
INFO: [ app_end ] --END-- [ RunTime:0.001671s ]

[ 2017-04-17T23:53:19+08:00 ] 127.0.0.1 /admin.php?m=Admin&c=Menu&a=index&p=2
INFO: [ app_init ] --START--
INFO: Run Behavior\BuildLiteBehavior [ RunTime:0.000028s ]
INFO: [ app_init ] --END-- [ RunTime:0.001110s ]
INFO: [ app_begin ] --START--
INFO: Run Behavior\ReadHtmlCacheBehavior [ RunTime:0.000983s ]
INFO: [ app_begin ] --END-- [ RunTime:0.001054s ]
NOTIC: [8] Undefined index: pageSize G:\webpage\shooping\Application\Admin\Controller\MenuController.class.php 第 18 行.
SQL: SHOW COLUMNS FROM `cms_menu` [ RunTime:0.0155s ]
SQL: SELECT * FROM `cms_menu` WHERE `status` <> -1 ORDER BY menu_id desc LIMIT 3,3   [ RunTime:0.0007s ]
SQL: SELECT COUNT(*) AS tp_count FROM `cms_menu` WHERE `status` <> -1 LIMIT 1   [ RunTime:0.0005s ]
NOTIC: [8] Undefined variable: sing_path G:\webpage\shooping\ThinkPHP\Common\functions.php 第 991 行.
INFO: [ view_parse ] --START--
INFO: [ template_filter ] --START--
INFO: Run Behavior\ContentReplaceBehavior [ RunTime:0.000117s ]
INFO: [ template_filter ] --END-- [ RunTime:0.000215s ]
NOTIC: [8] Undefined variable: navs G:\webpage\shooping\Application\Runtime\Cache\Admin\b956215329b6f9aca22277599a4efdfc.php 第 80 行.
NOTIC: [8] Undefined variable: nav G:\webpage\shooping\Application\Runtime\Cache\Admin\b956215329b6f9aca22277599a4efdfc.php 第 102 行.
INFO: Run Behavior\ParseTemplateBehavior [ RunTime:0.018684s ]
INFO: [ view_parse ] --END-- [ RunTime:0.018771s ]
INFO: [ view_filter ] --START--
INFO: Run Behavior\WriteHtmlCacheBehavior [ RunTime:0.000866s ]
INFO: [ view_filter ] --END-- [ RunTime:0.000941s ]
INFO: [ app_end ] --START--
INFO: Run Behavior\ShowPageTraceBehavior [ RunTime:0.001718s ]
INFO: [ app_end ] --END-- [ RunTime:0.001808s ]

[ 2017-04-17T23:53:21+08:00 ] 127.0.0.1 /admin.php?m=Admin&c=Menu&a=index&p=1
INFO: [ app_init ] --START--
INFO: Run Behavior\BuildLiteBehavior [ RunTime:0.000028s ]
INFO: [ app_init ] --END-- [ RunTime:0.001034s ]
INFO: [ app_begin ] --START--
INFO: Run Behavior\ReadHtmlCacheBehavior [ RunTime:0.001870s ]
INFO: [ app_begin ] --END-- [ RunTime:0.001985s ]
NOTIC: [8] Undefined index: pageSize G:\webpage\shooping\Application\Admin\Controller\MenuController.class.php 第 18 行.
SQL: SHOW COLUMNS FROM `cms_menu` [ RunTime:0.0092s ]
SQL: SELECT * FROM `cms_menu` WHERE `status` <> -1 ORDER BY menu_id desc LIMIT 0,3   [ RunTime:0.0006s ]
SQL: SELECT COUNT(*) AS tp_count FROM `cms_menu` WHERE `status` <> -1 LIMIT 1   [ RunTime:0.0004s ]
NOTIC: [8] Undefined variable: sing_path G:\webpage\shooping\ThinkPHP\Common\functions.php 第 991 行.
INFO: [ view_parse ] --START--
INFO: [ template_filter ] --START--
INFO: Run Behavior\ContentReplaceBehavior [ RunTime:0.000082s ]
INFO: [ template_filter ] --END-- [ RunTime:0.000146s ]
NOTIC: [8] Undefined variable: navs G:\webpage\shooping\Application\Runtime\Cache\Admin\b956215329b6f9aca22277599a4efdfc.php 第 80 行.
NOTIC: [8] Undefined variable: nav G:\webpage\shooping\Application\Runtime\Cache\Admin\b956215329b6f9aca22277599a4efdfc.php 第 102 行.
INFO: Run Behavior\ParseTemplateBehavior [ RunTime:0.021507s ]
INFO: [ view_parse ] --END-- [ RunTime:0.021588s ]
INFO: [ view_filter ] --START--
INFO: Run Behavior\WriteHtmlCacheBehavior [ RunTime:0.001592s ]
INFO: [ view_filter ] --END-- [ RunTime:0.001700s ]
INFO: [ app_end ] --START--
INFO: Run Behavior\ShowPageTraceBehavior [ RunTime:0.001286s ]
INFO: [ app_end ] --END-- [ RunTime:0.001388s ]

[ 2017-04-17T23:53:56+08:00 ] 127.0.0.1 /admin.php?c=menu
INFO: [ app_init ] --START--
INFO: Run Behavior\BuildLiteBehavior [ RunTime:0.000026s ]
INFO: [ app_init ] --END-- [ RunTime:0.000867s ]
INFO: [ app_begin ] --START--
INFO: Run Behavior\ReadHtmlCacheBehavior [ RunTime:0.001411s ]
INFO: [ app_begin ] --END-- [ RunTime:0.001509s ]
NOTIC: [8] Undefined index: p G:\webpage\shooping\Application\Admin\Controller\MenuController.class.php 第 17 行.
NOTIC: [8] Undefined index: pageSize G:\webpage\shooping\Application\Admin\Controller\MenuController.class.php 第 18 行.
SQL: SHOW COLUMNS FROM `cms_menu` [ RunTime:0.0108s ]
SQL: SELECT * FROM `cms_menu` WHERE `status` <> -1 ORDER BY menu_id desc LIMIT 0,3   [ RunTime:0.0006s ]
SQL: SELECT COUNT(*) AS tp_count FROM `cms_menu` WHERE `status` <> -1 LIMIT 1   [ RunTime:0.0004s ]
NOTIC: [8] Undefined variable: sing_path G:\webpage\shooping\ThinkPHP\Common\functions.php 第 991 行.
INFO: [ view_parse ] --START--
INFO: [ template_filter ] --START--
INFO: Run Behavior\ContentReplaceBehavior [ RunTime:0.000120s ]
INFO: [ template_filter ] --END-- [ RunTime:0.000210s ]
NOTIC: [8] Undefined variable: navs G:\webpage\shooping\Application\Runtime\Cache\Admin\b956215329b6f9aca22277599a4efdfc.php 第 80 行.
NOTIC: [8] Undefined variable: nav G:\webpage\shooping\Application\Runtime\Cache\Admin\b956215329b6f9aca22277599a4efdfc.php 第 102 行.
INFO: Run Behavior\ParseTemplateBehavior [ RunTime:0.021436s ]
INFO: [ view_parse ] --END-- [ RunTime:0.021531s ]
INFO: [ view_filter ] --START--
INFO: Run Behavior\WriteHtmlCacheBehavior [ RunTime:0.000825s ]
INFO: [ view_filter ] --END-- [ RunTime:0.000885s ]
INFO: [ app_end ] --START--
INFO: Run Behavior\ShowPageTraceBehavior [ RunTime:0.001658s ]
INFO: [ app_end ] --END-- [ RunTime:0.001790s ]

[ 2017-04-17T23:55:01+08:00 ] 127.0.0.1 /admin.php?c=menu
INFO: [ app_init ] --START--
INFO: Run Behavior\BuildLiteBehavior [ RunTime:0.000019s ]
INFO: [ app_init ] --END-- [ RunTime:0.000632s ]
INFO: [ app_begin ] --START--
INFO: Run Behavior\ReadHtmlCacheBehavior [ RunTime:0.001064s ]
INFO: [ app_begin ] --END-- [ RunTime:0.001137s ]
NOTIC: [8] Undefined index: p G:\webpage\shooping\Application\Admin\Controller\MenuController.class.php 第 17 行.
NOTIC: [8] Undefined index: pageSize G:\webpage\shooping\Application\Admin\Controller\MenuController.class.php 第 18 行.
SQL: SHOW COLUMNS FROM `cms_menu` [ RunTime:0.0075s ]
SQL: SELECT * FROM `cms_menu` WHERE `status` <> -1 ORDER BY menu_id desc LIMIT 0,3   [ RunTime:0.0006s ]
SQL: SELECT COUNT(*) AS tp_count FROM `cms_menu` WHERE `status` <> -1 LIMIT 1   [ RunTime:0.0009s ]
NOTIC: [8] Undefined variable: sing_path G:\webpage\shooping\ThinkPHP\Common\functions.php 第 991 行.
INFO: [ view_parse ] --START--
INFO: [ template_filter ] --START--
INFO: Run Behavior\ContentReplaceBehavior [ RunTime:0.000122s ]
INFO: [ template_filter ] --END-- [ RunTime:0.000213s ]
NOTIC: [8] Undefined variable: navs G:\webpage\shooping\Application\Runtime\Cache\Admin\b956215329b6f9aca22277599a4efdfc.php 第 80 行.
NOTIC: [8] Undefined variable: nav G:\webpage\shooping\Application\Runtime\Cache\Admin\b956215329b6f9aca22277599a4efdfc.php 第 102 行.
INFO: Run Behavior\ParseTemplateBehavior [ RunTime:0.016085s ]
INFO: [ view_parse ] --END-- [ RunTime:0.016150s ]
INFO: [ view_filter ] --START--
INFO: Run Behavior\WriteHtmlCacheBehavior [ RunTime:0.000604s ]
INFO: [ view_filter ] --END-- [ RunTime:0.000651s ]
INFO: [ app_end ] --START--
INFO: Run Behavior\ShowPageTraceBehavior [ RunTime:0.001517s ]
INFO: [ app_end ] --END-- [ RunTime:0.001607s ]

[ 2017-04-17T23:55:03+08:00 ] 127.0.0.1 /admin.php
INFO: [ app_init ] --START--
INFO: Run Behavior\BuildLiteBehavior [ RunTime:0.000027s ]
INFO: [ app_init ] --END-- [ RunTime:0.000919s ]
INFO: [ app_begin ] --START--
INFO: Run Behavior\ReadHtmlCacheBehavior [ RunTime:0.001021s ]
INFO: [ app_begin ] --END-- [ RunTime:0.001087s ]
INFO: [ view_parse ] --START--
INFO: [ template_filter ] --START--
INFO: Run Behavior\ContentReplaceBehavior [ RunTime:0.000106s ]
INFO: [ template_filter ] --END-- [ RunTime:0.000189s ]
NOTIC: [8] Undefined variable: navs G:\webpage\shooping\Application\Runtime\Cache\Admin\b595b808c2ebeeeb0478ffc30bb4e87a.php 第 79 行.
NOTIC: [8] Undefined variable: admincount G:\webpage\shooping\Application\Runtime\Cache\Admin\b595b808c2ebeeeb0478ffc30bb4e87a.php 第 116 行.
NOTIC: [8] Undefined variable: newscount G:\webpage\shooping\Application\Runtime\Cache\Admin\b595b808c2ebeeeb0478ffc30bb4e87a.php 第 138 行.
NOTIC: [8] Undefined variable: news G:\webpage\shooping\Application\Runtime\Cache\Admin\b595b808c2ebeeeb0478ffc30bb4e87a.php 第 160 行.
NOTIC: [8] Undefined variable: news G:\webpage\shooping\Application\Runtime\Cache\Admin\b595b808c2ebeeeb0478ffc30bb4e87a.php 第 165 行.
NOTIC: [8] Undefined variable: news G:\webpage\shooping\Application\Runtime\Cache\Admin\b595b808c2ebeeeb0478ffc30bb4e87a.php 第 169 行.
NOTIC: [8] Undefined variable: positioncount G:\webpage\shooping\Application\Runtime\Cache\Admin\b595b808c2ebeeeb0478ffc30bb4e87a.php 第 182 行.
INFO: Run Behavior\ParseTemplateBehavior [ RunTime:0.016831s ]
INFO: [ view_parse ] --END-- [ RunTime:0.016904s ]
INFO: [ view_filter ] --START--
INFO: Run Behavior\WriteHtmlCacheBehavior [ RunTime:0.000709s ]
INFO: [ view_filter ] --END-- [ RunTime:0.000777s ]
INFO: [ app_end ] --START--
INFO: Run Behavior\ShowPageTraceBehavior [ RunTime:0.001754s ]
INFO: [ app_end ] --END-- [ RunTime:0.001841s ]

[ 2017-04-17T23:55:04+08:00 ] 127.0.0.1 /admin.php?c=menu
INFO: [ app_init ] --START--
INFO: Run Behavior\BuildLiteBehavior [ RunTime:0.000026s ]
INFO: [ app_init ] --END-- [ RunTime:0.000882s ]
INFO: [ app_begin ] --START--
INFO: Run Behavior\ReadHtmlCacheBehavior [ RunTime:0.001487s ]
INFO: [ app_begin ] --END-- [ RunTime:0.001596s ]
NOTIC: [8] Undefined index: p G:\webpage\shooping\Application\Admin\Controller\MenuController.class.php 第 17 行.
NOTIC: [8] Undefined index: pageSize G:\webpage\shooping\Application\Admin\Controller\MenuController.class.php 第 18 行.
SQL: SHOW COLUMNS FROM `cms_menu` [ RunTime:0.0087s ]
SQL: SELECT * FROM `cms_menu` WHERE `status` <> -1 ORDER BY menu_id desc LIMIT 0,3   [ RunTime:0.0006s ]
SQL: SELECT COUNT(*) AS tp_count FROM `cms_menu` WHERE `status` <> -1 LIMIT 1   [ RunTime:0.0004s ]
NOTIC: [8] Undefined variable: sing_path G:\webpage\shooping\ThinkPHP\Common\functions.php 第 991 行.
INFO: [ view_parse ] --START--
INFO: [ template_filter ] --START--
INFO: Run Behavior\ContentReplaceBehavior [ RunTime:0.000091s ]
INFO: [ template_filter ] --END-- [ RunTime:0.000168s ]
NOTIC: [8] Undefined variable: navs G:\webpage\shooping\Application\Runtime\Cache\Admin\b956215329b6f9aca22277599a4efdfc.php 第 80 行.
NOTIC: [8] Undefined variable: nav G:\webpage\shooping\Application\Runtime\Cache\Admin\b956215329b6f9aca22277599a4efdfc.php 第 102 行.
INFO: Run Behavior\ParseTemplateBehavior [ RunTime:0.020722s ]
INFO: [ view_parse ] --END-- [ RunTime:0.020793s ]
INFO: [ view_filter ] --START--
INFO: Run Behavior\WriteHtmlCacheBehavior [ RunTime:0.000641s ]
INFO: [ view_filter ] --END-- [ RunTime:0.000692s ]
INFO: [ app_end ] --START--
INFO: Run Behavior\ShowPageTraceBehavior [ RunTime:0.001652s ]
INFO: [ app_end ] --END-- [ RunTime:0.001751s ]

[ 2017-04-17T23:57:08+08:00 ] 127.0.0.1 /admin.php?c=menu
INFO: [ app_init ] --START--
INFO: Run Behavior\BuildLiteBehavior [ RunTime:0.000020s ]
INFO: [ app_init ] --END-- [ RunTime:0.000740s ]
INFO: [ app_begin ] --START--
INFO: Run Behavior\ReadHtmlCacheBehavior [ RunTime:0.001143s ]
INFO: [ app_begin ] --END-- [ RunTime:0.001204s ]
NOTIC: [8] Undefined index: p G:\webpage\shooping\Application\Admin\Controller\MenuController.class.php 第 17 行.
NOTIC: [8] Undefined index: pageSize G:\webpage\shooping\Application\Admin\Controller\MenuController.class.php 第 18 行.
SQL: SHOW COLUMNS FROM `cms_menu` [ RunTime:0.0101s ]
SQL: SELECT * FROM `cms_menu` WHERE `status` <> -1 ORDER BY menu_id desc LIMIT 0,3   [ RunTime:0.0006s ]
SQL: SELECT COUNT(*) AS tp_count FROM `cms_menu` WHERE `status` <> -1 LIMIT 1   [ RunTime:0.0003s ]
NOTIC: [8] Undefined variable: sing_path G:\webpage\shooping\ThinkPHP\Common\functions.php 第 991 行.
INFO: [ view_parse ] --START--
INFO: [ template_filter ] --START--
INFO: Run Behavior\ContentReplaceBehavior [ RunTime:0.000081s ]
INFO: [ template_filter ] --END-- [ RunTime:0.000145s ]
NOTIC: [8] Undefined variable: navs G:\webpage\shooping\Application\Runtime\Cache\Admin\b956215329b6f9aca22277599a4efdfc.php 第 80 行.
NOTIC: [8] Undefined variable: nav G:\webpage\shooping\Application\Runtime\Cache\Admin\b956215329b6f9aca22277599a4efdfc.php 第 102 行.
INFO: Run Behavior\ParseTemplateBehavior [ RunTime:0.019775s ]
INFO: [ view_parse ] --END-- [ RunTime:0.019846s ]
INFO: [ view_filter ] --START--
INFO: Run Behavior\WriteHtmlCacheBehavior [ RunTime:0.000718s ]
INFO: [ view_filter ] --END-- [ RunTime:0.000772s ]
INFO: [ app_end ] --START--
INFO: Run Behavior\ShowPageTraceBehavior [ RunTime:0.001255s ]
INFO: [ app_end ] --END-- [ RunTime:0.001343s ]

